Sat May 01 19:28:09 2021: build-wrapper, version 6.20 (linux-x86)
Sat May 01 19:28:09 2021: System name: Linux Nodename: otaku Release: 5.8.0-50-generic Version: #56~20.04.1-Ubuntu SMP Mon Apr 12 21:46:35 UTC 2021 Machine: x86_64
Sat May 01 19:28:09 2021: socket path: /tmp/build-wrapper-socket.eODqzm
Sat May 01 19:28:09 2021: dynamic library found: /home/godofall/CLionProjects/Filestuff/build/libinterceptor-i686.so
Sat May 01 19:28:09 2021: dynamic library found: /home/godofall/CLionProjects/Filestuff/build/libinterceptor-x86_64.so
Sat May 01 19:28:09 2021: dynamic library found: /home/godofall/CLionProjects/Filestuff/build/libinterceptor-haswell.so
Sat May 01 19:28:09 2021: command executed as: <build/build-wrapper-linux-x86-64>
Sat May 01 19:28:09 2021: command line received: <make build_run>
Sat May 01 19:28:09 2021: env 0: <DESKTOP_SESSION=ubuntu>
Sat May 01 19:28:09 2021: env 1: <XDG_SESSION_CLASS=user>
Sat May 01 19:28:09 2021: env 2: <LC_CTYPE=pt_BR.UTF-8>
Sat May 01 19:28:09 2021: env 3: <XAUTHORITY=/run/user/1000/gdm/Xauthority>
Sat May 01 19:28:09 2021: env 4: <GDMSESSION=ubuntu>
Sat May 01 19:28:09 2021: env 5: <XMODIFIERS=@im=ibus>
Sat May 01 19:28:09 2021: env 6: <SHELL=/usr/bin/zsh>
Sat May 01 19:28:09 2021: env 7: <JOURNAL_STREAM=8:55166>
Sat May 01 19:28:09 2021: env 8: <XDG_CONFIG_DIRS=/etc/xdg/xdg-ubuntu:/etc/xdg>
Sat May 01 19:28:09 2021: env 9: <IM_CONFIG_PHASE=1>
Sat May 01 19:28:09 2021: env 10: <USERNAME=godofall>
Sat May 01 19:28:09 2021: env 11: <TOOLBOX_VERSION=1.20.8352>
Sat May 01 19:28:09 2021: env 12: <MANDATORY_PATH=/usr/share/gconf/ubuntu.mandatory.path>
Sat May 01 19:28:09 2021: env 13: <XDG_DATA_DIRS=/usr/share/ubuntu:/usr/local/share/:/usr/share/:/var/lib/snapd/desktop>
Sat May 01 19:28:09 2021: env 14: <DBUS_SESSION_BUS_ADDRESS=unix:path=/run/user/1000/bus>
Sat May 01 19:28:09 2021: env 15: <_=/usr/bin/dbus-update-activation-environment>
Sat May 01 19:28:09 2021: env 16: <MANAGERPID=2204>
Sat May 01 19:28:09 2021: env 17: <LC_NAME=pt_BR.UTF-8>
Sat May 01 19:28:09 2021: env 18: <PATH=/home/godofall/.local/bin:/usr/local/sbin:/usr/local/bin:/usr/sbin:/usr/bin:/sbin:/bin:/usr/games:/usr/local/games:/snap/bin>
Sat May 01 19:28:09 2021: env 19: <GPG_AGENT_INFO=/run/user/1000/gnupg/S.gpg-agent:0:1>
Sat May 01 19:28:09 2021: env 20: <SESSION_MANAGER=local/otaku:@/tmp/.ICE-unix/2478,unix/otaku:/tmp/.ICE-unix/2478>
Sat May 01 19:28:09 2021: env 21: <XDG_RUNTIME_DIR=/run/user/1000>
Sat May 01 19:28:09 2021: env 22: <XDG_MENU_PREFIX=gnome->
Sat May 01 19:28:09 2021: env 23: <LC_NUMERIC=pt_BR.UTF-8>
Sat May 01 19:28:09 2021: env 24: <INVOCATION_ID=f400d450d01749e3916c07d2255e69e2>
Sat May 01 19:28:09 2021: env 25: <XDG_SESSION_DESKTOP=ubuntu>
Sat May 01 19:28:09 2021: env 26: <SSH_AUTH_SOCK=/run/user/1000/keyring/ssh>
Sat May 01 19:28:09 2021: env 27: <GIO_LAUNCHED_DESKTOP_FILE_PID=2808>
Sat May 01 19:28:09 2021: env 28: <DISPLAY=:0>
Sat May 01 19:28:09 2021: env 29: <PWD=/home/godofall/.local/share/JetBrains/Toolbox/apps/CLion/ch-0/211.7142.21/bin>
Sat May 01 19:28:09 2021: env 30: <SSH_AGENT_PID=2404>
Sat May 01 19:28:09 2021: env 31: <GTK_MODULES=gail:atk-bridge>
Sat May 01 19:28:09 2021: env 32: <HOME=/home/godofall>
Sat May 01 19:28:09 2021: env 33: <LOGNAME=godofall>
Sat May 01 19:28:09 2021: env 34: <GNOME_DESKTOP_SESSION_ID=this-is-deprecated>
Sat May 01 19:28:09 2021: env 35: <LC_TIME=pt_BR.UTF-8>
Sat May 01 19:28:09 2021: env 36: <QT_IM_MODULE=ibus>
Sat May 01 19:28:09 2021: env 37: <SHLVL=0>
Sat May 01 19:28:09 2021: env 38: <XDG_SESSION_TYPE=x11>
Sat May 01 19:28:09 2021: env 39: <GNOME_SHELL_SESSION_MODE=ubuntu>
Sat May 01 19:28:09 2021: env 40: <USER=godofall>
Sat May 01 19:28:09 2021: env 41: <LC_MONETARY=pt_BR.UTF-8>
Sat May 01 19:28:09 2021: env 42: <XDG_CURRENT_DESKTOP=ubuntu:GNOME>
Sat May 01 19:28:09 2021: env 43: <LC_TELEPHONE=pt_BR.UTF-8>
Sat May 01 19:28:09 2021: env 44: <OLDPWD=/home/godofall>
Sat May 01 19:28:09 2021: env 45: <MAKEFLAGS=>
Sat May 01 19:28:09 2021: env 46: <MFLAGS=>
Sat May 01 19:28:09 2021: env 47: <MAKE_TERMOUT=/dev/pts/1>
Sat May 01 19:28:09 2021: env 48: <LC_PAPER=pt_BR.UTF-8>
Sat May 01 19:28:09 2021: env 49: <QT_ACCESSIBILITY=1>
Sat May 01 19:28:09 2021: env 50: <DESKTOP_AUTOSTART_ID=10e73290de6667f147161988919177425700000024780016>
Sat May 01 19:28:09 2021: env 51: <DEFAULTS_PATH=/usr/share/gconf/ubuntu.default.path>
Sat May 01 19:28:09 2021: env 52: <LC_MEASUREMENT=pt_BR.UTF-8>
Sat May 01 19:28:09 2021: env 53: <WINDOWPATH=2>
Sat May 01 19:28:09 2021: env 54: <LC_IDENTIFICATION=pt_BR.UTF-8>
Sat May 01 19:28:09 2021: env 55: <MAKE_TERMERR=/dev/pts/2>
Sat May 01 19:28:09 2021: env 56: <LC_ADDRESS=pt_BR.UTF-8>
Sat May 01 19:28:09 2021: env 57: <GIO_LAUNCHED_DESKTOP_FILE=/home/godofall/.config/autostart/jetbrains-toolbox.desktop>
Sat May 01 19:28:09 2021: env 58: <LANG=en_US.UTF-8>
Sat May 01 19:28:09 2021: env 59: <MAKELEVEL=1>
Sat May 01 19:28:09 2021: executing: <make build_run>
Sat May 01 19:28:09 2021: initializing json file
Sat May 01 19:28:09 2021: process created with pid: 14233
Sat May 01 19:28:09 2021: parent pid: 14232
Sat May 01 19:28:09 2021: working directory: </home/godofall/CLionProjects/Filestuff>
Sat May 01 19:28:09 2021: executable: </home/godofall/CLionProjects/Filestuff/build/build-wrapper-linux-x86-64>
Sat May 01 19:28:09 2021: argv[0]: <build/build-wrapper-linux-x86-64>
Sat May 01 19:28:09 2021: argv[1]: <-c>
Sat May 01 19:28:09 2021: argv[2]: <>
Sat May 01 19:28:09 2021: argv[3]: <make>
Sat May 01 19:28:09 2021: argv[4]: <build_run>
Sat May 01 19:28:09 2021: skipping process with pid: 14233
Sat May 01 19:28:09 2021: process created with pid: 14234
Sat May 01 19:28:09 2021: parent pid: 14233
Sat May 01 19:28:09 2021: working directory: </home/godofall/CLionProjects/Filestuff>
Sat May 01 19:28:09 2021: executable: </usr/bin/make>
Sat May 01 19:28:09 2021: argv[0]: <make>
Sat May 01 19:28:09 2021: argv[1]: <build_run>
Sat May 01 19:28:09 2021: skipping process with pid: 14234
Sat May 01 19:28:09 2021: process created with pid: 14235
Sat May 01 19:28:09 2021: parent pid: 14234
Sat May 01 19:28:09 2021: working directory: </home/godofall/CLionProjects/Filestuff>
Sat May 01 19:28:09 2021: executable: </usr/bin/dash>
Sat May 01 19:28:09 2021: argv[0]: </bin/sh>
Sat May 01 19:28:09 2021: argv[1]: <-c>
Sat May 01 19:28:09 2021: argv[2]: <find src/include/ -name "*.c" -o -name "*.h">
Sat May 01 19:28:09 2021: skipping process with pid: 14235
Sat May 01 19:28:09 2021: process created with pid: 14236
Sat May 01 19:28:09 2021: parent pid: 14235
Sat May 01 19:28:09 2021: working directory: </home/godofall/CLionProjects/Filestuff>
Sat May 01 19:28:09 2021: executable: </usr/bin/find>
Sat May 01 19:28:09 2021: argv[0]: <find>
Sat May 01 19:28:09 2021: argv[1]: <src/include/>
Sat May 01 19:28:09 2021: argv[2]: <-name>
Sat May 01 19:28:09 2021: argv[3]: <*.c>
Sat May 01 19:28:09 2021: argv[4]: <-o>
Sat May 01 19:28:09 2021: argv[5]: <-name>
Sat May 01 19:28:09 2021: argv[6]: <*.h>
Sat May 01 19:28:09 2021: skipping process with pid: 14236
Sat May 01 19:28:09 2021: process created with pid: 14237
Sat May 01 19:28:09 2021: parent pid: 14234
Sat May 01 19:28:09 2021: working directory: </home/godofall/CLionProjects/Filestuff>
Sat May 01 19:28:09 2021: executable: </usr/bin/dash>
Sat May 01 19:28:09 2021: argv[0]: </bin/sh>
Sat May 01 19:28:09 2021: argv[1]: <-c>
Sat May 01 19:28:09 2021: argv[2]: <rm -f cuts/* merge.jpg foto.jpg Filestuff meta.inf>
Sat May 01 19:28:09 2021: skipping process with pid: 14237
Sat May 01 19:28:09 2021: process created with pid: 14238
Sat May 01 19:28:09 2021: parent pid: 14237
Sat May 01 19:28:09 2021: working directory: </home/godofall/CLionProjects/Filestuff>
Sat May 01 19:28:09 2021: executable: </usr/bin/rm>
Sat May 01 19:28:09 2021: argv[0]: <rm>
Sat May 01 19:28:09 2021: argv[1]: <-f>
Sat May 01 19:28:09 2021: argv[2]: <cuts/*>
Sat May 01 19:28:09 2021: argv[3]: <merge.jpg>
Sat May 01 19:28:09 2021: argv[4]: <foto.jpg>
Sat May 01 19:28:09 2021: argv[5]: <Filestuff>
Sat May 01 19:28:09 2021: argv[6]: <meta.inf>
Sat May 01 19:28:09 2021: skipping process with pid: 14238
Sat May 01 19:28:09 2021: process created with pid: 14239
Sat May 01 19:28:09 2021: parent pid: 14234
Sat May 01 19:28:09 2021: working directory: </home/godofall/CLionProjects/Filestuff>
Sat May 01 19:28:09 2021: executable: </usr/bin/x86_64-linux-gnu-gcc-9>
Sat May 01 19:28:09 2021: argv[0]: <gcc>
Sat May 01 19:28:09 2021: argv[1]: <src/main.c>
Sat May 01 19:28:09 2021: argv[2]: <src/include/cutnwrite.c>
Sat May 01 19:28:09 2021: argv[3]: <src/include/metafile.c>
Sat May 01 19:28:09 2021: argv[4]: <src/include/metafile.h>
Sat May 01 19:28:09 2021: argv[5]: <src/include/mergefiles.c>
Sat May 01 19:28:09 2021: argv[6]: <src/include/mergefiles.h>
Sat May 01 19:28:09 2021: argv[7]: <src/include/cutnwrite.h>
Sat May 01 19:28:09 2021: argv[8]: <-I>
Sat May 01 19:28:09 2021: argv[9]: </usr/include/openssl>
Sat May 01 19:28:09 2021: argv[10]: <-lssl>
Sat May 01 19:28:09 2021: argv[11]: <-lcrypto>
Sat May 01 19:28:09 2021: argv[12]: <-o>
Sat May 01 19:28:09 2021: argv[13]: <Filestuff>
Sat May 01 19:28:09 2021: argv[14]: <-Werror>
Sat May 01 19:28:09 2021: argv[15]: <-Wpedantic>
Sat May 01 19:28:09 2021: argv[16]: <-Wall>
Sat May 01 19:28:09 2021: envp[0]: <SQ_WRAPPER_SOCKET=/tmp/build-wrapper-socket.eODqzm>
Sat May 01 19:28:09 2021: envp[1]: <SQ_WRAPPER_LIBRARY=/home/godofall/CLionProjects/Filestuff/build/libinterceptor-${PLATFORM}.so>
Sat May 01 19:28:09 2021: envp[2]: <DESKTOP_SESSION=ubuntu>
Sat May 01 19:28:09 2021: envp[3]: <XDG_SESSION_CLASS=user>
Sat May 01 19:28:09 2021: envp[4]: <LC_CTYPE=pt_BR.UTF-8>
Sat May 01 19:28:09 2021: envp[5]: <XAUTHORITY=/run/user/1000/gdm/Xauthority>
Sat May 01 19:28:09 2021: envp[6]: <GDMSESSION=ubuntu>
Sat May 01 19:28:09 2021: envp[7]: <XMODIFIERS=@im=ibus>
Sat May 01 19:28:09 2021: envp[8]: <SHELL=/usr/bin/zsh>
Sat May 01 19:28:09 2021: envp[9]: <JOURNAL_STREAM=8:55166>
Sat May 01 19:28:09 2021: envp[10]: <XDG_CONFIG_DIRS=/etc/xdg/xdg-ubuntu:/etc/xdg>
Sat May 01 19:28:09 2021: envp[11]: <IM_CONFIG_PHASE=1>
Sat May 01 19:28:09 2021: envp[12]: <USERNAME=godofall>
Sat May 01 19:28:09 2021: envp[13]: <TOOLBOX_VERSION=1.20.8352>
Sat May 01 19:28:09 2021: envp[14]: <MANDATORY_PATH=/usr/share/gconf/ubuntu.mandatory.path>
Sat May 01 19:28:09 2021: envp[15]: <XDG_DATA_DIRS=/usr/share/ubuntu:/usr/local/share/:/usr/share/:/var/lib/snapd/desktop>
Sat May 01 19:28:09 2021: envp[16]: <DBUS_SESSION_BUS_ADDRESS=unix:path=/run/user/1000/bus>
Sat May 01 19:28:09 2021: envp[17]: <_=/usr/bin/dbus-update-activation-environment>
Sat May 01 19:28:09 2021: envp[18]: <MANAGERPID=2204>
Sat May 01 19:28:09 2021: envp[19]: <LC_NAME=pt_BR.UTF-8>
Sat May 01 19:28:09 2021: envp[20]: <PATH=/home/godofall/.local/bin:/usr/local/sbin:/usr/local/bin:/usr/sbin:/usr/bin:/sbin:/bin:/usr/games:/usr/local/games:/snap/bin>
Sat May 01 19:28:09 2021: envp[21]: <GPG_AGENT_INFO=/run/user/1000/gnupg/S.gpg-agent:0:1>
Sat May 01 19:28:09 2021: envp[22]: <SESSION_MANAGER=local/otaku:@/tmp/.ICE-unix/2478,unix/otaku:/tmp/.ICE-unix/2478>
Sat May 01 19:28:09 2021: envp[23]: <XDG_RUNTIME_DIR=/run/user/1000>
Sat May 01 19:28:09 2021: envp[24]: <XDG_MENU_PREFIX=gnome->
Sat May 01 19:28:09 2021: envp[25]: <LC_NUMERIC=pt_BR.UTF-8>
Sat May 01 19:28:09 2021: envp[26]: <INVOCATION_ID=f400d450d01749e3916c07d2255e69e2>
Sat May 01 19:28:09 2021: envp[27]: <XDG_SESSION_DESKTOP=ubuntu>
Sat May 01 19:28:09 2021: envp[28]: <SSH_AUTH_SOCK=/run/user/1000/keyring/ssh>
Sat May 01 19:28:09 2021: envp[29]: <GIO_LAUNCHED_DESKTOP_FILE_PID=2808>
Sat May 01 19:28:09 2021: envp[30]: <DISPLAY=:0>
Sat May 01 19:28:09 2021: envp[31]: <PWD=/home/godofall/.local/share/JetBrains/Toolbox/apps/CLion/ch-0/211.7142.21/bin>
Sat May 01 19:28:09 2021: envp[32]: <SSH_AGENT_PID=2404>
Sat May 01 19:28:09 2021: envp[33]: <GTK_MODULES=gail:atk-bridge>
Sat May 01 19:28:09 2021: envp[34]: <HOME=/home/godofall>
Sat May 01 19:28:09 2021: envp[35]: <LOGNAME=godofall>
Sat May 01 19:28:09 2021: envp[36]: <GNOME_DESKTOP_SESSION_ID=this-is-deprecated>
Sat May 01 19:28:09 2021: envp[37]: <LC_TIME=pt_BR.UTF-8>
Sat May 01 19:28:09 2021: envp[38]: <QT_IM_MODULE=ibus>
Sat May 01 19:28:09 2021: envp[39]: <SHLVL=0>
Sat May 01 19:28:09 2021: envp[40]: <XDG_SESSION_TYPE=x11>
Sat May 01 19:28:09 2021: envp[41]: <GNOME_SHELL_SESSION_MODE=ubuntu>
Sat May 01 19:28:09 2021: envp[42]: <USER=godofall>
Sat May 01 19:28:09 2021: envp[43]: <LC_MONETARY=pt_BR.UTF-8>
Sat May 01 19:28:09 2021: envp[44]: <XDG_CURRENT_DESKTOP=ubuntu:GNOME>
Sat May 01 19:28:09 2021: envp[45]: <LC_TELEPHONE=pt_BR.UTF-8>
Sat May 01 19:28:09 2021: envp[46]: <OLDPWD=/home/godofall>
Sat May 01 19:28:09 2021: envp[47]: <MAKEFLAGS=w>
Sat May 01 19:28:09 2021: envp[48]: <MFLAGS=-w>
Sat May 01 19:28:09 2021: envp[49]: <MAKE_TERMOUT=/dev/pts/1>
Sat May 01 19:28:09 2021: envp[50]: <LC_PAPER=pt_BR.UTF-8>
Sat May 01 19:28:09 2021: envp[51]: <QT_ACCESSIBILITY=1>
Sat May 01 19:28:09 2021: envp[52]: <DESKTOP_AUTOSTART_ID=10e73290de6667f147161988919177425700000024780016>
Sat May 01 19:28:09 2021: envp[53]: <DEFAULTS_PATH=/usr/share/gconf/ubuntu.default.path>
Sat May 01 19:28:09 2021: envp[54]: <LC_MEASUREMENT=pt_BR.UTF-8>
Sat May 01 19:28:09 2021: envp[55]: <WINDOWPATH=2>
Sat May 01 19:28:09 2021: envp[56]: <LC_IDENTIFICATION=pt_BR.UTF-8>
Sat May 01 19:28:09 2021: envp[57]: <MAKE_TERMERR=/dev/pts/2>
Sat May 01 19:28:09 2021: envp[58]: <LC_ADDRESS=pt_BR.UTF-8>
Sat May 01 19:28:09 2021: envp[59]: <GIO_LAUNCHED_DESKTOP_FILE=/home/godofall/.config/autostart/jetbrains-toolbox.desktop>
Sat May 01 19:28:09 2021: envp[60]: <LANG=en_US.UTF-8>
Sat May 01 19:28:09 2021: envp[61]: <MAKELEVEL=2>
Sat May 01 19:28:09 2021: envp[62]: <LD_PRELOAD=>
Sat May 01 19:28:09 2021: Probing C compiler: /usr/bin/x86_64-linux-gnu-gcc-9 
Sat May 01 19:28:09 2021: exit code: 0
Sat May 01 19:28:09 2021: stdout:
#define __SSP_STRONG__ 3
#define __DBL_MIN_EXP__ (-1021)
#define __FLT32X_MAX_EXP__ 1024
#define __UINT_LEAST16_MAX__ 0xffff
#define __ATOMIC_ACQUIRE 2
#define __FLT128_MAX_10_EXP__ 4932
#define __FLT_MIN__ 1.17549435082228750796873653722224568e-38F
#define __GCC_IEC_559_COMPLEX 2
#define __UINT_LEAST8_TYPE__ unsigned char
#define __SIZEOF_FLOAT80__ 16
#define __INTMAX_C(c) c ## L
#define __CHAR_BIT__ 8
#define __UINT8_MAX__ 0xff
#define __WINT_MAX__ 0xffffffffU
#define __FLT32_MIN_EXP__ (-125)
#define __ORDER_LITTLE_ENDIAN__ 1234
#define __SIZE_MAX__ 0xffffffffffffffffUL
#define __WCHAR_MAX__ 0x7fffffff
#define __GCC_HAVE_SYNC_COMPARE_AND_SWAP_1 1
#define __GCC_HAVE_SYNC_COMPARE_AND_SWAP_2 1
#define __GCC_HAVE_SYNC_COMPARE_AND_SWAP_4 1
#define __DBL_DENORM_MIN__ ((double)4.94065645841246544176568792868221372e-324L)
#define __GCC_HAVE_SYNC_COMPARE_AND_SWAP_8 1
#define __GCC_ATOMIC_CHAR_LOCK_FREE 2
#define __GCC_IEC_559 2
#define __FLT32X_DECIMAL_DIG__ 17
#define __FLT_EVAL_METHOD__ 0
#define __unix__ 1
#define __FLT64_DECIMAL_DIG__ 17
#define __CET__ 3
#define __GCC_ATOMIC_CHAR32_T_LOCK_FREE 2
#define __x86_64 1
#define __UINT_FAST64_MAX__ 0xffffffffffffffffUL
#define __SIG_ATOMIC_TYPE__ int
#define __DBL_MIN_10_EXP__ (-307)
#define __FINITE_MATH_ONLY__ 0
#define __GNUC_PATCHLEVEL__ 0
#define __FLT32_HAS_DENORM__ 1
#define __UINT_FAST8_MAX__ 0xff
#define __has_include(STR) __has_include__(STR)
#define __DEC64_MAX_EXP__ 385
#define __INT8_C(c) c
#define __INT_LEAST8_WIDTH__ 8
#define __UINT_LEAST64_MAX__ 0xffffffffffffffffUL
#define __SHRT_MAX__ 0x7fff
#define __LDBL_MAX__ 1.18973149535723176502126385303097021e+4932L
#define __FLT64X_MAX_10_EXP__ 4932
#define __UINT_LEAST8_MAX__ 0xff
#define __GCC_ATOMIC_BOOL_LOCK_FREE 2
#define __FLT128_DENORM_MIN__ 6.47517511943802511092443895822764655e-4966F128
#define __UINTMAX_TYPE__ long unsigned int
#define __linux 1
#define __DEC32_EPSILON__ 1E-6DF
#define __FLT_EVAL_METHOD_TS_18661_3__ 0
#define __unix 1
#define __UINT32_MAX__ 0xffffffffU
#define __LDBL_MAX_EXP__ 16384
#define __FLT128_MIN_EXP__ (-16381)
#define __WINT_MIN__ 0U
#define __linux__ 1
#define __FLT128_MIN_10_EXP__ (-4931)
#define __INT_LEAST16_WIDTH__ 16
#define __SCHAR_MAX__ 0x7f
#define __FLT128_MANT_DIG__ 113
#define __WCHAR_MIN__ (-__WCHAR_MAX__ - 1)
#define __INT64_C(c) c ## L
#define __DBL_DIG__ 15
#define __GCC_ATOMIC_POINTER_LOCK_FREE 2
#define __FLT64X_MANT_DIG__ 64
#define __SIZEOF_INT__ 4
#define __SIZEOF_POINTER__ 8
#define __USER_LABEL_PREFIX__ 
#define __FLT64X_EPSILON__ 1.08420217248550443400745280086994171e-19F64x
#define __STDC_HOSTED__ 1
#define __LDBL_HAS_INFINITY__ 1
#define __FLT32_DIG__ 6
#define __FLT_EPSILON__ 1.19209289550781250000000000000000000e-7F
#define __SHRT_WIDTH__ 16
#define __LDBL_MIN__ 3.36210314311209350626267781732175260e-4932L
#define __STDC_UTF_16__ 1
#define __DEC32_MAX__ 9.999999E96DF
#define __FLT64X_DENORM_MIN__ 3.64519953188247460252840593361941982e-4951F64x
#define __FLT32X_HAS_INFINITY__ 1
#define __INT32_MAX__ 0x7fffffff
#define __INT_WIDTH__ 32
#define __SIZEOF_LONG__ 8
#define __STDC_IEC_559__ 1
#define __STDC_ISO_10646__ 201706L
#define __UINT16_C(c) c
#define __PTRDIFF_WIDTH__ 64
#define __DECIMAL_DIG__ 21
#define __FLT64_EPSILON__ 2.22044604925031308084726333618164062e-16F64
#define __gnu_linux__ 1
#define __INTMAX_WIDTH__ 64
#define __has_include_next(STR) __has_include_next__(STR)
#define __FLT64X_MIN_10_EXP__ (-4931)
#define __LDBL_HAS_QUIET_NAN__ 1
#define __FLT64_MANT_DIG__ 53
#define __GNUC__ 9
#define __pie__ 2
#define __MMX__ 1
#define __FLT_HAS_DENORM__ 1
#define __SIZEOF_LONG_DOUBLE__ 16
#define __BIGGEST_ALIGNMENT__ 16
#define __FLT64_MAX_10_EXP__ 308
#define __DBL_MAX__ ((double)1.79769313486231570814527423731704357e+308L)
#define __INT_FAST32_MAX__ 0x7fffffffffffffffL
#define __DBL_HAS_INFINITY__ 1
#define __HAVE_SPECULATION_SAFE_VALUE 1
#define __DEC32_MIN_EXP__ (-94)
#define __INTPTR_WIDTH__ 64
#define __FLT32X_HAS_DENORM__ 1
#define __INT_FAST16_TYPE__ long int
#define __LDBL_HAS_DENORM__ 1
#define __FLT128_HAS_INFINITY__ 1
#define __DEC128_MAX__ 9.999999999999999999999999999999999E6144DL
#define __INT_LEAST32_MAX__ 0x7fffffff
#define __DEC32_MIN__ 1E-95DF
#define __DBL_MAX_EXP__ 1024
#define __WCHAR_WIDTH__ 32
#define __FLT32_MAX__ 3.40282346638528859811704183484516925e+38F32
#define __DEC128_EPSILON__ 1E-33DL
#define __SSE2_MATH__ 1
#define __ATOMIC_HLE_RELEASE 131072
#define __PTRDIFF_MAX__ 0x7fffffffffffffffL
#define __amd64 1
#define __ATOMIC_HLE_ACQUIRE 65536
#define __FLT32_HAS_QUIET_NAN__ 1
#define __LONG_LONG_MAX__ 0x7fffffffffffffffLL
#define __SIZEOF_SIZE_T__ 8
#define __FLT64X_MIN_EXP__ (-16381)
#define __SIZEOF_WINT_T__ 4
#define __LONG_LONG_WIDTH__ 64
#define __FLT32_MAX_EXP__ 128
#define __GCC_HAVE_DWARF2_CFI_ASM 1
#define __GXX_ABI_VERSION 1013
#define __FLT_MIN_EXP__ (-125)
#define __FLT64X_HAS_QUIET_NAN__ 1
#define __INT_FAST64_TYPE__ long int
#define __FLT64_DENORM_MIN__ 4.94065645841246544176568792868221372e-324F64
#define __DBL_MIN__ ((double)2.22507385850720138309023271733240406e-308L)
#define __PIE__ 2
#define __LP64__ 1
#define __FLT32X_EPSILON__ 2.22044604925031308084726333618164062e-16F32x
#define __DECIMAL_BID_FORMAT__ 1
#define __FLT64_MIN_EXP__ (-1021)
#define __FLT64_MIN_10_EXP__ (-307)
#define __FLT64X_DECIMAL_DIG__ 21
#define __DEC128_MIN__ 1E-6143DL
#define __REGISTER_PREFIX__ 
#define __UINT16_MAX__ 0xffff
#define __DBL_HAS_DENORM__ 1
#define __FLT32_MIN__ 1.17549435082228750796873653722224568e-38F32
#define __UINT8_TYPE__ unsigned char
#define __NO_INLINE__ 1
#define __FLT_MANT_DIG__ 24
#define __LDBL_DECIMAL_DIG__ 21
#define __VERSION__ "9.3.0"
#define __UINT64_C(c) c ## UL
#define _STDC_PREDEF_H 1
#define __GCC_ATOMIC_INT_LOCK_FREE 2
#define __FLT128_MAX_EXP__ 16384
#define __FLT32_MANT_DIG__ 24
#define __FLOAT_WORD_ORDER__ __ORDER_LITTLE_ENDIAN__
#define __STDC_IEC_559_COMPLEX__ 1
#define __FLT128_HAS_DENORM__ 1
#define __FLT128_DIG__ 33
#define __SCHAR_WIDTH__ 8
#define __INT32_C(c) c
#define __DEC64_EPSILON__ 1E-15DD
#define __ORDER_PDP_ENDIAN__ 3412
#define __DEC128_MIN_EXP__ (-6142)
#define __FLT32_MAX_10_EXP__ 38
#define __INT_FAST32_TYPE__ long int
#define __UINT_LEAST16_TYPE__ short unsigned int
#define __FLT64X_HAS_INFINITY__ 1
#define unix 1
#define __INT16_MAX__ 0x7fff
#define __SIZE_TYPE__ long unsigned int
#define __UINT64_MAX__ 0xffffffffffffffffUL
#define __FLT64X_DIG__ 18
#define __INT8_TYPE__ signed char
#define __ELF__ 1
#define __GCC_ASM_FLAG_OUTPUTS__ 1
#define __FLT_RADIX__ 2
#define __INT_LEAST16_TYPE__ short int
#define __LDBL_EPSILON__ 1.08420217248550443400745280086994171e-19L
#define __UINTMAX_C(c) c ## UL
#define __SSE_MATH__ 1
#define __k8 1
#define __SIG_ATOMIC_MAX__ 0x7fffffff
#define __GCC_ATOMIC_WCHAR_T_LOCK_FREE 2
#define __SIZEOF_PTRDIFF_T__ 8
#define __FLT32X_MANT_DIG__ 53
#define __x86_64__ 1
#define __FLT32X_MIN_EXP__ (-1021)
#define __DEC32_SUBNORMAL_MIN__ 0.000001E-95DF
#define __INT_FAST16_MAX__ 0x7fffffffffffffffL
#define __FLT64_DIG__ 15
#define __UINT_FAST32_MAX__ 0xffffffffffffffffUL
#define __UINT_LEAST64_TYPE__ long unsigned int
#define __FLT_HAS_QUIET_NAN__ 1
#define __FLT_MAX_10_EXP__ 38
#define __LONG_MAX__ 0x7fffffffffffffffL
#define __FLT64X_HAS_DENORM__ 1
#define __DEC128_SUBNORMAL_MIN__ 0.000000000000000000000000000000001E-6143DL
#define __FLT_HAS_INFINITY__ 1
#define __UINT_FAST16_TYPE__ long unsigned int
#define __DEC64_MAX__ 9.999999999999999E384DD
#define __INT_FAST32_WIDTH__ 64
#define __CHAR16_TYPE__ short unsigned int
#define __PRAGMA_REDEFINE_EXTNAME 1
#define __SIZE_WIDTH__ 64
#define __SEG_FS 1
#define __INT_LEAST16_MAX__ 0x7fff
#define __DEC64_MANT_DIG__ 16
#define __INT64_MAX__ 0x7fffffffffffffffL
#define __UINT_LEAST32_MAX__ 0xffffffffU
#define __SEG_GS 1
#define __FLT32_DENORM_MIN__ 1.40129846432481707092372958328991613e-45F32
#define __GCC_ATOMIC_LONG_LOCK_FREE 2
#define __SIG_ATOMIC_WIDTH__ 32
#define __INT_LEAST64_TYPE__ long int
#define __INT16_TYPE__ short int
#define __INT_LEAST8_TYPE__ signed char
#define __STDC_VERSION__ 201710L
#define __DEC32_MAX_EXP__ 97
#define __INT_FAST8_MAX__ 0x7f
#define __FLT128_MAX__ 1.18973149535723176508575932662800702e+4932F128
#define __INTPTR_MAX__ 0x7fffffffffffffffL
#define linux 1
#define __FLT64_HAS_QUIET_NAN__ 1
#define __FLT32_MIN_10_EXP__ (-37)
#define __SSE2__ 1
#define __FLT32X_DIG__ 15
#define __LDBL_MANT_DIG__ 64
#define __DBL_HAS_QUIET_NAN__ 1
#define __FLT64_HAS_INFINITY__ 1
#define __FLT64X_MAX__ 1.18973149535723176502126385303097021e+4932F64x
#define __SIG_ATOMIC_MIN__ (-__SIG_ATOMIC_MAX__ - 1)
#define __code_model_small__ 1
#define __k8__ 1
#define __INTPTR_TYPE__ long int
#define __UINT16_TYPE__ short unsigned int
#define __WCHAR_TYPE__ int
#define __SIZEOF_FLOAT__ 4
#define __pic__ 2
#define __UINTPTR_MAX__ 0xffffffffffffffffUL
#define __INT_FAST64_WIDTH__ 64
#define __DEC64_MIN_EXP__ (-382)
#define __FLT32_DECIMAL_DIG__ 9
#define __INT_FAST64_MAX__ 0x7fffffffffffffffL
#define __GCC_ATOMIC_TEST_AND_SET_TRUEVAL 1
#define __FLT_DIG__ 6
#define __FLT32_HAS_INFINITY__ 1
#define __FLT64X_MAX_EXP__ 16384
#define __UINT_FAST64_TYPE__ long unsigned int
#define __INT_MAX__ 0x7fffffff
#define __amd64__ 1
#define __INT64_TYPE__ long int
#define __FLT_MAX_EXP__ 128
#define __ORDER_BIG_ENDIAN__ 4321
#define __DBL_MANT_DIG__ 53
#define __SIZEOF_FLOAT128__ 16
#define __INT_LEAST64_MAX__ 0x7fffffffffffffffL
#define __GCC_ATOMIC_CHAR16_T_LOCK_FREE 2
#define __DEC64_MIN__ 1E-383DD
#define __WINT_TYPE__ unsigned int
#define __UINT_LEAST32_TYPE__ unsigned int
#define __SIZEOF_SHORT__ 2
#define __SSE__ 1
#define __LDBL_MIN_EXP__ (-16381)
#define __FLT64_MAX__ 1.79769313486231570814527423731704357e+308F64
#define __WINT_WIDTH__ 32
#define __INT_LEAST8_MAX__ 0x7f
#define __FLT32X_MAX_10_EXP__ 308
#define __SIZEOF_INT128__ 16
#define __LDBL_MAX_10_EXP__ 4932
#define __ATOMIC_RELAXED 0
#define __DBL_EPSILON__ ((double)2.22044604925031308084726333618164062e-16L)
#define __FLT128_MIN__ 3.36210314311209350626267781732175260e-4932F128
#define _LP64 1
#define __UINT8_C(c) c
#define __FLT64_MAX_EXP__ 1024
#define __INT_LEAST32_TYPE__ int
#define __SIZEOF_WCHAR_T__ 4
#define __UINT64_TYPE__ long unsigned int
#define __FLT128_HAS_QUIET_NAN__ 1
#define __INT_FAST8_TYPE__ signed char
#define __FLT64X_MIN__ 3.36210314311209350626267781732175260e-4932F64x
#define __GNUC_STDC_INLINE__ 1
#define __FLT64_HAS_DENORM__ 1
#define __FLT32_EPSILON__ 1.19209289550781250000000000000000000e-7F32
#define __DBL_DECIMAL_DIG__ 17
#define __STDC_UTF_32__ 1
#define __INT_FAST8_WIDTH__ 8
#define __FXSR__ 1
#define __DEC_EVAL_METHOD__ 2
#define __FLT32X_MAX__ 1.79769313486231570814527423731704357e+308F32x
#define __UINT32_C(c) c ## U
#define __INTMAX_MAX__ 0x7fffffffffffffffL
#define __BYTE_ORDER__ __ORDER_LITTLE_ENDIAN__
#define __FLT_DENORM_MIN__ 1.40129846432481707092372958328991613e-45F
#define __INT8_MAX__ 0x7f
#define __LONG_WIDTH__ 64
#define __PIC__ 2
#define __UINT_FAST32_TYPE__ long unsigned int
#define __CHAR32_TYPE__ unsigned int
#define __FLT_MAX__ 3.40282346638528859811704183484516925e+38F
#define __INT32_TYPE__ int
#define __SIZEOF_DOUBLE__ 8
#define __FLT_MIN_10_EXP__ (-37)
#define __FLT64_MIN__ 2.22507385850720138309023271733240406e-308F64
#define __INT_LEAST32_WIDTH__ 32
#define __INTMAX_TYPE__ long int
#define __DEC128_MAX_EXP__ 6145
#define __FLT32X_HAS_QUIET_NAN__ 1
#define __ATOMIC_CONSUME 1
#define __GNUC_MINOR__ 3
#define __INT_FAST16_WIDTH__ 64
#define __UINTMAX_MAX__ 0xffffffffffffffffUL
#define __DEC32_MANT_DIG__ 7
#define __FLT32X_DENORM_MIN__ 4.94065645841246544176568792868221372e-324F32x
#define __DBL_MAX_10_EXP__ 308
#define __LDBL_DENORM_MIN__ 3.64519953188247460252840593361941982e-4951L
#define __INT16_C(c) c
#define __STDC__ 1
#define __PTRDIFF_TYPE__ long int
#define __ATOMIC_SEQ_CST 5
#define __UINT32_TYPE__ unsigned int
#define __FLT32X_MIN_10_EXP__ (-307)
#define __UINTPTR_TYPE__ long unsigned int
#define __DEC64_SUBNORMAL_MIN__ 0.000000000000001E-383DD
#define __DEC128_MANT_DIG__ 34
#define __LDBL_MIN_10_EXP__ (-4931)
#define __FLT128_EPSILON__ 1.92592994438723585305597794258492732e-34F128
#define __SIZEOF_LONG_LONG__ 8
#define __FLT128_DECIMAL_DIG__ 36
#define __GCC_ATOMIC_LLONG_LOCK_FREE 2
#define __FLT32X_MIN__ 2.22507385850720138309023271733240406e-308F32x
#define __LDBL_DIG__ 18
#define __FLT_DECIMAL_DIG__ 9
#define __UINT_FAST16_MAX__ 0xffffffffffffffffUL
#define __GCC_ATOMIC_SHORT_LOCK_FREE 2
#define __INT_LEAST64_WIDTH__ 64
#define __UINT_FAST8_TYPE__ unsigned char
#define __ATOMIC_ACQ_REL 4
#define __ATOMIC_RELEASE 3

Sat May 01 19:28:09 2021: stderr:
Using built-in specs.
COLLECT_GCC=gcc
OFFLOAD_TARGET_NAMES=nvptx-none:hsa
OFFLOAD_TARGET_DEFAULT=1
Target: x86_64-linux-gnu
Configured with: ../src/configure -v --with-pkgversion='Ubuntu 9.3.0-17ubuntu1~20.04' --with-bugurl=file:///usr/share/doc/gcc-9/README.Bugs --enable-languages=c,ada,c++,go,brig,d,fortran,objc,obj-c++,gm2 --prefix=/usr --with-gcc-major-version-only --program-suffix=-9 --program-prefix=x86_64-linux-gnu- --enable-shared --enable-linker-build-id --libexecdir=/usr/lib --without-included-gettext --enable-threads=posix --libdir=/usr/lib --enable-nls --enable-clocale=gnu --enable-libstdcxx-debug --enable-libstdcxx-time=yes --with-default-libstdcxx-abi=new --enable-gnu-unique-object --disable-vtable-verify --enable-plugin --enable-default-pie --with-system-zlib --with-target-system-zlib=auto --enable-objc-gc=auto --enable-multiarch --disable-werror --with-arch-32=i686 --with-abi=m64 --with-multilib-list=m32,m64,mx32 --enable-multilib --with-tune=generic --enable-offload-targets=nvptx-none=/build/gcc-9-HskZEa/gcc-9-9.3.0/debian/tmp-nvptx/usr,hsa --without-cuda-driver --enable-checking=release --build=x86_64-linux-gnu --host=x86_64-linux-gnu --target=x86_64-linux-gnu
Thread model: posix
gcc version 9.3.0 (Ubuntu 9.3.0-17ubuntu1~20.04) 
COLLECT_GCC_OPTIONS='-v' '-dM' '-E' '-mtune=generic' '-march=x86-64'
 /usr/lib/gcc/x86_64-linux-gnu/9/cc1 -E -quiet -v -imultiarch x86_64-linux-gnu - -mtune=generic -march=x86-64 -fasynchronous-unwind-tables -fstack-protector-strong -Wformat -Wformat-security -fstack-clash-protection -fcf-protection -dM
ignoring nonexistent directory "/usr/local/include/x86_64-linux-gnu"
ignoring nonexistent directory "/usr/lib/gcc/x86_64-linux-gnu/9/include-fixed"
ignoring nonexistent directory "/usr/lib/gcc/x86_64-linux-gnu/9/../../../../x86_64-linux-gnu/include"
#include "..." search starts here:
#include <...> search starts here:
 /usr/lib/gcc/x86_64-linux-gnu/9/include
 /usr/local/include
 /usr/include/x86_64-linux-gnu
 /usr/include
End of search list.
COMPILER_PATH=/usr/lib/gcc/x86_64-linux-gnu/9/:/usr/lib/gcc/x86_64-linux-gnu/9/:/usr/lib/gcc/x86_64-linux-gnu/:/usr/lib/gcc/x86_64-linux-gnu/9/:/usr/lib/gcc/x86_64-linux-gnu/
LIBRARY_PATH=/usr/lib/gcc/x86_64-linux-gnu/9/:/usr/lib/gcc/x86_64-linux-gnu/9/../../../x86_64-linux-gnu/:/usr/lib/gcc/x86_64-linux-gnu/9/../../../../lib/:/lib/x86_64-linux-gnu/:/lib/../lib/:/usr/lib/x86_64-linux-gnu/:/usr/lib/../lib/:/usr/lib/gcc/x86_64-linux-gnu/9/../../../:/lib/:/usr/lib/
COLLECT_GCC_OPTIONS='-v' '-dM' '-E' '-mtune=generic' '-march=x86-64'

Sat May 01 19:28:09 2021: Probing C++ compiler: /usr/bin/x86_64-linux-gnu-gcc-9 
Sat May 01 19:28:09 2021: exit code: 0
Sat May 01 19:28:09 2021: stdout:
#define __SSP_STRONG__ 3
#define __DBL_MIN_EXP__ (-1021)
#define __FLT32X_MAX_EXP__ 1024
#define __cpp_attributes 200809
#define __UINT_LEAST16_MAX__ 0xffff
#define __ATOMIC_ACQUIRE 2
#define __FLT128_MAX_10_EXP__ 4932
#define __FLT_MIN__ 1.17549435082228750796873653722224568e-38F
#define __GCC_IEC_559_COMPLEX 2
#define __cpp_aggregate_nsdmi 201304
#define __UINT_LEAST8_TYPE__ unsigned char
#define __SIZEOF_FLOAT80__ 16
#define __INTMAX_C(c) c ## L
#define __CHAR_BIT__ 8
#define __UINT8_MAX__ 0xff
#define __WINT_MAX__ 0xffffffffU
#define __FLT32_MIN_EXP__ (-125)
#define __cpp_static_assert 200410
#define __ORDER_LITTLE_ENDIAN__ 1234
#define __SIZE_MAX__ 0xffffffffffffffffUL
#define __WCHAR_MAX__ 0x7fffffff
#define __GCC_HAVE_SYNC_COMPARE_AND_SWAP_1 1
#define __GCC_HAVE_SYNC_COMPARE_AND_SWAP_2 1
#define __GCC_HAVE_SYNC_COMPARE_AND_SWAP_4 1
#define __DBL_DENORM_MIN__ double(4.94065645841246544176568792868221372e-324L)
#define __GCC_HAVE_SYNC_COMPARE_AND_SWAP_8 1
#define __GCC_ATOMIC_CHAR_LOCK_FREE 2
#define __GCC_IEC_559 2
#define __FLT32X_DECIMAL_DIG__ 17
#define __FLT_EVAL_METHOD__ 0
#define __unix__ 1
#define __cpp_binary_literals 201304
#define __FLT64_DECIMAL_DIG__ 17
#define __CET__ 3
#define __GCC_ATOMIC_CHAR32_T_LOCK_FREE 2
#define __x86_64 1
#define __cpp_variadic_templates 200704
#define __UINT_FAST64_MAX__ 0xffffffffffffffffUL
#define __SIG_ATOMIC_TYPE__ int
#define __DBL_MIN_10_EXP__ (-307)
#define __FINITE_MATH_ONLY__ 0
#define __cpp_variable_templates 201304
#define __GNUC_PATCHLEVEL__ 0
#define __FLT32_HAS_DENORM__ 1
#define __UINT_FAST8_MAX__ 0xff
#define __cpp_rvalue_reference 200610
#define __has_include(STR) __has_include__(STR)
#define __DEC64_MAX_EXP__ 385
#define __INT8_C(c) c
#define __INT_LEAST8_WIDTH__ 8
#define __UINT_LEAST64_MAX__ 0xffffffffffffffffUL
#define __SHRT_MAX__ 0x7fff
#define __LDBL_MAX__ 1.18973149535723176502126385303097021e+4932L
#define __FLT64X_MAX_10_EXP__ 4932
#define __UINT_LEAST8_MAX__ 0xff
#define __GCC_ATOMIC_BOOL_LOCK_FREE 2
#define __FLT128_DENORM_MIN__ 6.47517511943802511092443895822764655e-4966F128
#define __UINTMAX_TYPE__ long unsigned int
#define __linux 1
#define __DEC32_EPSILON__ 1E-6DF
#define __FLT_EVAL_METHOD_TS_18661_3__ 0
#define __unix 1
#define __UINT32_MAX__ 0xffffffffU
#define __GXX_EXPERIMENTAL_CXX0X__ 1
#define __LDBL_MAX_EXP__ 16384
#define __FLT128_MIN_EXP__ (-16381)
#define __WINT_MIN__ 0U
#define __linux__ 1
#define __FLT128_MIN_10_EXP__ (-4931)
#define __INT_LEAST16_WIDTH__ 16
#define __SCHAR_MAX__ 0x7f
#define __FLT128_MANT_DIG__ 113
#define __WCHAR_MIN__ (-__WCHAR_MAX__ - 1)
#define __INT64_C(c) c ## L
#define __DBL_DIG__ 15
#define __GCC_ATOMIC_POINTER_LOCK_FREE 2
#define __FLT64X_MANT_DIG__ 64
#define __SIZEOF_INT__ 4
#define __SIZEOF_POINTER__ 8
#define __GCC_ATOMIC_CHAR16_T_LOCK_FREE 2
#define __USER_LABEL_PREFIX__ 
#define __FLT64X_EPSILON__ 1.08420217248550443400745280086994171e-19F64x
#define __STDC_HOSTED__ 1
#define __LDBL_HAS_INFINITY__ 1
#define __FLT32_DIG__ 6
#define __FLT_EPSILON__ 1.19209289550781250000000000000000000e-7F
#define __GXX_WEAK__ 1
#define __SHRT_WIDTH__ 16
#define __LDBL_MIN__ 3.36210314311209350626267781732175260e-4932L
#define __DEC32_MAX__ 9.999999E96DF
#define __cpp_threadsafe_static_init 200806
#define __FLT64X_DENORM_MIN__ 3.64519953188247460252840593361941982e-4951F64x
#define __FLT32X_HAS_INFINITY__ 1
#define __INT32_MAX__ 0x7fffffff
#define __INT_WIDTH__ 32
#define __SIZEOF_LONG__ 8
#define __STDC_IEC_559__ 1
#define __STDC_ISO_10646__ 201706L
#define __UINT16_C(c) c
#define __PTRDIFF_WIDTH__ 64
#define __DECIMAL_DIG__ 21
#define __FLT64_EPSILON__ 2.22044604925031308084726333618164062e-16F64
#define __gnu_linux__ 1
#define __INTMAX_WIDTH__ 64
#define __FLT64_MIN_EXP__ (-1021)
#define __has_include_next(STR) __has_include_next__(STR)
#define __FLT64X_MIN_10_EXP__ (-4931)
#define __LDBL_HAS_QUIET_NAN__ 1
#define __FLT64_MANT_DIG__ 53
#define __GNUC__ 9
#define __GXX_RTTI 1
#define __pie__ 2
#define __MMX__ 1
#define __cpp_delegating_constructors 200604
#define __FLT_HAS_DENORM__ 1
#define __SIZEOF_LONG_DOUBLE__ 16
#define __BIGGEST_ALIGNMENT__ 16
#define __STDC_UTF_16__ 1
#define __FLT64_MAX_10_EXP__ 308
#define __FLT32_HAS_INFINITY__ 1
#define __DBL_MAX__ double(1.79769313486231570814527423731704357e+308L)
#define __cpp_raw_strings 200710
#define __INT_FAST32_MAX__ 0x7fffffffffffffffL
#define __DBL_HAS_INFINITY__ 1
#define __HAVE_SPECULATION_SAFE_VALUE 1
#define __DEC32_MIN_EXP__ (-94)
#define __INTPTR_WIDTH__ 64
#define __FLT32X_HAS_DENORM__ 1
#define __INT_FAST16_TYPE__ long int
#define __LDBL_HAS_DENORM__ 1
#define __cplusplus 201402L
#define __cpp_ref_qualifiers 200710
#define __DEC128_MAX__ 9.999999999999999999999999999999999E6144DL
#define __INT_LEAST32_MAX__ 0x7fffffff
#define __DEC32_MIN__ 1E-95DF
#define __DEPRECATED 1
#define __cpp_rvalue_references 200610
#define __DBL_MAX_EXP__ 1024
#define __WCHAR_WIDTH__ 32
#define __FLT32_MAX__ 3.40282346638528859811704183484516925e+38F32
#define __DEC128_EPSILON__ 1E-33DL
#define __SSE2_MATH__ 1
#define __ATOMIC_HLE_RELEASE 131072
#define __PTRDIFF_MAX__ 0x7fffffffffffffffL
#define __amd64 1
#define __ATOMIC_HLE_ACQUIRE 65536
#define __FLT32_HAS_QUIET_NAN__ 1
#define __GNUG__ 9
#define __LONG_LONG_MAX__ 0x7fffffffffffffffLL
#define __SIZEOF_SIZE_T__ 8
#define __cpp_nsdmi 200809
#define __FLT64X_MIN_EXP__ (-16381)
#define __SIZEOF_WINT_T__ 4
#define __LONG_LONG_WIDTH__ 64
#define __cpp_initializer_lists 200806
#define __FLT32_MAX_EXP__ 128
#define __cpp_hex_float 201603
#define __GCC_HAVE_DWARF2_CFI_ASM 1
#define __GXX_ABI_VERSION 1013
#define __FLT128_HAS_INFINITY__ 1
#define __FLT_MIN_EXP__ (-125)
#define __cpp_lambdas 200907
#define __FLT64X_HAS_QUIET_NAN__ 1
#define __INT_FAST64_TYPE__ long int
#define __FLT64_DENORM_MIN__ 4.94065645841246544176568792868221372e-324F64
#define __DBL_MIN__ double(2.22507385850720138309023271733240406e-308L)
#define __PIE__ 2
#define __LP64__ 1
#define __FLT32X_EPSILON__ 2.22044604925031308084726333618164062e-16F32x
#define __DECIMAL_BID_FORMAT__ 1
#define __FLT64_MIN_10_EXP__ (-307)
#define __FLT64X_DECIMAL_DIG__ 21
#define __DEC128_MIN__ 1E-6143DL
#define __REGISTER_PREFIX__ 
#define __UINT16_MAX__ 0xffff
#define __FLT32_MIN__ 1.17549435082228750796873653722224568e-38F32
#define __UINT8_TYPE__ unsigned char
#define __NO_INLINE__ 1
#define __FLT_MANT_DIG__ 24
#define __LDBL_DECIMAL_DIG__ 21
#define __VERSION__ "9.3.0"
#define __UINT64_C(c) c ## UL
#define __cpp_unicode_characters 200704
#define _STDC_PREDEF_H 1
#define __cpp_decltype_auto 201304
#define __GCC_ATOMIC_INT_LOCK_FREE 2
#define __FLT128_MAX_EXP__ 16384
#define __FLT32_MANT_DIG__ 24
#define __FLOAT_WORD_ORDER__ __ORDER_LITTLE_ENDIAN__
#define __STDC_IEC_559_COMPLEX__ 1
#define __FLT128_HAS_DENORM__ 1
#define __FLT128_DIG__ 33
#define __SCHAR_WIDTH__ 8
#define __INT32_C(c) c
#define __DEC64_EPSILON__ 1E-15DD
#define __ORDER_PDP_ENDIAN__ 3412
#define __DEC128_MIN_EXP__ (-6142)
#define __FLT32_MAX_10_EXP__ 38
#define __INT_FAST32_TYPE__ long int
#define __UINT_LEAST16_TYPE__ short unsigned int
#define __FLT64X_HAS_INFINITY__ 1
#define unix 1
#define __DBL_HAS_DENORM__ 1
#define __INT16_MAX__ 0x7fff
#define __cpp_rtti 199711
#define __SIZE_TYPE__ long unsigned int
#define __UINT64_MAX__ 0xffffffffffffffffUL
#define __FLT64X_DIG__ 18
#define __INT8_TYPE__ signed char
#define __cpp_digit_separators 201309
#define __ELF__ 1
#define __GCC_ASM_FLAG_OUTPUTS__ 1
#define __FLT_RADIX__ 2
#define __INT_LEAST16_TYPE__ short int
#define __LDBL_EPSILON__ 1.08420217248550443400745280086994171e-19L
#define __UINTMAX_C(c) c ## UL
#define __GLIBCXX_BITSIZE_INT_N_0 128
#define __k8 1
#define __SIG_ATOMIC_MAX__ 0x7fffffff
#define __GCC_ATOMIC_WCHAR_T_LOCK_FREE 2
#define __SIZEOF_PTRDIFF_T__ 8
#define __FLT32X_MANT_DIG__ 53
#define __x86_64__ 1
#define __FLT32X_MIN_EXP__ (-1021)
#define __DEC32_SUBNORMAL_MIN__ 0.000001E-95DF
#define __INT_FAST16_MAX__ 0x7fffffffffffffffL
#define __FLT64_DIG__ 15
#define __UINT_FAST32_MAX__ 0xffffffffffffffffUL
#define __UINT_LEAST64_TYPE__ long unsigned int
#define __FLT_HAS_QUIET_NAN__ 1
#define __FLT_MAX_10_EXP__ 38
#define __LONG_MAX__ 0x7fffffffffffffffL
#define __FLT64X_HAS_DENORM__ 1
#define __DEC128_SUBNORMAL_MIN__ 0.000000000000000000000000000000001E-6143DL
#define __FLT_HAS_INFINITY__ 1
#define __cpp_unicode_literals 200710
#define __UINT_FAST16_TYPE__ long unsigned int
#define __DEC64_MAX__ 9.999999999999999E384DD
#define __INT_FAST32_WIDTH__ 64
#define __CHAR16_TYPE__ short unsigned int
#define __PRAGMA_REDEFINE_EXTNAME 1
#define __SIZE_WIDTH__ 64
#define __SEG_FS 1
#define __INT_LEAST16_MAX__ 0x7fff
#define __DEC64_MANT_DIG__ 16
#define __INT64_MAX__ 0x7fffffffffffffffL
#define __UINT_LEAST32_MAX__ 0xffffffffU
#define __SEG_GS 1
#define __FLT32_DENORM_MIN__ 1.40129846432481707092372958328991613e-45F32
#define __GCC_ATOMIC_LONG_LOCK_FREE 2
#define __SIG_ATOMIC_WIDTH__ 32
#define __INT_LEAST64_TYPE__ long int
#define __INT16_TYPE__ short int
#define __INT_LEAST8_TYPE__ signed char
#define __DEC32_MAX_EXP__ 97
#define __INT_FAST8_MAX__ 0x7f
#define __FLT128_MAX__ 1.18973149535723176508575932662800702e+4932F128
#define __INTPTR_MAX__ 0x7fffffffffffffffL
#define __cpp_sized_deallocation 201309
#define linux 1
#define __cpp_range_based_for 200907
#define __FLT64_HAS_QUIET_NAN__ 1
#define __FLT32_MIN_10_EXP__ (-37)
#define __SSE2__ 1
#define __EXCEPTIONS 1
#define __LDBL_MANT_DIG__ 64
#define __DBL_HAS_QUIET_NAN__ 1
#define __FLT64_HAS_INFINITY__ 1
#define __FLT64X_MAX__ 1.18973149535723176502126385303097021e+4932F64x
#define __SIG_ATOMIC_MIN__ (-__SIG_ATOMIC_MAX__ - 1)
#define __code_model_small__ 1
#define __cpp_return_type_deduction 201304
#define __k8__ 1
#define __INTPTR_TYPE__ long int
#define __UINT16_TYPE__ short unsigned int
#define __WCHAR_TYPE__ int
#define __SIZEOF_FLOAT__ 4
#define __pic__ 2
#define __UINTPTR_MAX__ 0xffffffffffffffffUL
#define __INT_FAST64_WIDTH__ 64
#define __DEC64_MIN_EXP__ (-382)
#define __cpp_decltype 200707
#define __FLT32_DECIMAL_DIG__ 9
#define __INT_FAST64_MAX__ 0x7fffffffffffffffL
#define __GCC_ATOMIC_TEST_AND_SET_TRUEVAL 1
#define __FLT_DIG__ 6
#define __FLT64X_MAX_EXP__ 16384
#define __UINT_FAST64_TYPE__ long unsigned int
#define __INT_MAX__ 0x7fffffff
#define __amd64__ 1
#define __INT64_TYPE__ long int
#define __FLT_MAX_EXP__ 128
#define __ORDER_BIG_ENDIAN__ 4321
#define __DBL_MANT_DIG__ 53
#define __cpp_inheriting_constructors 201511
#define __SIZEOF_FLOAT128__ 16
#define __INT_LEAST64_MAX__ 0x7fffffffffffffffL
#define __DEC64_MIN__ 1E-383DD
#define __WINT_TYPE__ unsigned int
#define __UINT_LEAST32_TYPE__ unsigned int
#define __SIZEOF_SHORT__ 2
#define __SSE__ 1
#define __LDBL_MIN_EXP__ (-16381)
#define __FLT64_MAX__ 1.79769313486231570814527423731704357e+308F64
#define __WINT_WIDTH__ 32
#define __INT_LEAST8_MAX__ 0x7f
#define __FLT32X_MAX_10_EXP__ 308
#define __SIZEOF_INT128__ 16
#define __LDBL_MAX_10_EXP__ 4932
#define __ATOMIC_RELAXED 0
#define __DBL_EPSILON__ double(2.22044604925031308084726333618164062e-16L)
#define __FLT128_MIN__ 3.36210314311209350626267781732175260e-4932F128
#define _LP64 1
#define __UINT8_C(c) c
#define __FLT64_MAX_EXP__ 1024
#define __INT_LEAST32_TYPE__ int
#define __SIZEOF_WCHAR_T__ 4
#define __FLT128_HAS_QUIET_NAN__ 1
#define __INT_FAST8_TYPE__ signed char
#define __FLT64X_MIN__ 3.36210314311209350626267781732175260e-4932F64x
#define __GNUC_STDC_INLINE__ 1
#define __FLT64_HAS_DENORM__ 1
#define __FLT32_EPSILON__ 1.19209289550781250000000000000000000e-7F32
#define __DBL_DECIMAL_DIG__ 17
#define __STDC_UTF_32__ 1
#define __INT_FAST8_WIDTH__ 8
#define __FXSR__ 1
#define __DEC_EVAL_METHOD__ 2
#define __FLT32X_MAX__ 1.79769313486231570814527423731704357e+308F32x
#define __cpp_runtime_arrays 198712
#define __UINT64_TYPE__ long unsigned int
#define __UINT32_C(c) c ## U
#define __INTMAX_MAX__ 0x7fffffffffffffffL
#define __cpp_alias_templates 200704
#define __BYTE_ORDER__ __ORDER_LITTLE_ENDIAN__
#define __FLT_DENORM_MIN__ 1.40129846432481707092372958328991613e-45F
#define __INT8_MAX__ 0x7f
#define __LONG_WIDTH__ 64
#define __PIC__ 2
#define __UINT_FAST32_TYPE__ long unsigned int
#define __CHAR32_TYPE__ unsigned int
#define __FLT_MAX__ 3.40282346638528859811704183484516925e+38F
#define __cpp_constexpr 201304
#define __INT32_TYPE__ int
#define __SIZEOF_DOUBLE__ 8
#define __cpp_exceptions 199711
#define __FLT_MIN_10_EXP__ (-37)
#define __FLT64_MIN__ 2.22507385850720138309023271733240406e-308F64
#define __INT_LEAST32_WIDTH__ 32
#define __INTMAX_TYPE__ long int
#define __DEC128_MAX_EXP__ 6145
#define __FLT32X_HAS_QUIET_NAN__ 1
#define __ATOMIC_CONSUME 1
#define __GNUC_MINOR__ 3
#define __GLIBCXX_TYPE_INT_N_0 __int128
#define __INT_FAST16_WIDTH__ 64
#define __UINTMAX_MAX__ 0xffffffffffffffffUL
#define __DEC32_MANT_DIG__ 7
#define __FLT32X_DENORM_MIN__ 4.94065645841246544176568792868221372e-324F32x
#define __DBL_MAX_10_EXP__ 308
#define __LDBL_DENORM_MIN__ 3.64519953188247460252840593361941982e-4951L
#define __INT16_C(c) c
#define __cpp_generic_lambdas 201304
#define __STDC__ 1
#define __FLT32X_DIG__ 15
#define __PTRDIFF_TYPE__ long int
#define __ATOMIC_SEQ_CST 5
#define __UINT32_TYPE__ unsigned int
#define __FLT32X_MIN_10_EXP__ (-307)
#define __UINTPTR_TYPE__ long unsigned int
#define __DEC64_SUBNORMAL_MIN__ 0.000000000000001E-383DD
#define __DEC128_MANT_DIG__ 34
#define __LDBL_MIN_10_EXP__ (-4931)
#define __FLT128_EPSILON__ 1.92592994438723585305597794258492732e-34F128
#define __SSE_MATH__ 1
#define __SIZEOF_LONG_LONG__ 8
#define __cpp_user_defined_literals 200809
#define __FLT128_DECIMAL_DIG__ 36
#define __GCC_ATOMIC_LLONG_LOCK_FREE 2
#define __FLT32X_MIN__ 2.22507385850720138309023271733240406e-308F32x
#define __LDBL_DIG__ 18
#define __FLT_DECIMAL_DIG__ 9
#define __UINT_FAST16_MAX__ 0xffffffffffffffffUL
#define __GCC_ATOMIC_SHORT_LOCK_FREE 2
#define __INT_LEAST64_WIDTH__ 64
#define __UINT_FAST8_TYPE__ unsigned char
#define _GNU_SOURCE 1
#define __cpp_init_captures 201304
#define __ATOMIC_ACQ_REL 4
#define __ATOMIC_RELEASE 3

Sat May 01 19:28:09 2021: stderr:
Using built-in specs.
COLLECT_GCC=gcc
OFFLOAD_TARGET_NAMES=nvptx-none:hsa
OFFLOAD_TARGET_DEFAULT=1
Target: x86_64-linux-gnu
Configured with: ../src/configure -v --with-pkgversion='Ubuntu 9.3.0-17ubuntu1~20.04' --with-bugurl=file:///usr/share/doc/gcc-9/README.Bugs --enable-languages=c,ada,c++,go,brig,d,fortran,objc,obj-c++,gm2 --prefix=/usr --with-gcc-major-version-only --program-suffix=-9 --program-prefix=x86_64-linux-gnu- --enable-shared --enable-linker-build-id --libexecdir=/usr/lib --without-included-gettext --enable-threads=posix --libdir=/usr/lib --enable-nls --enable-clocale=gnu --enable-libstdcxx-debug --enable-libstdcxx-time=yes --with-default-libstdcxx-abi=new --enable-gnu-unique-object --disable-vtable-verify --enable-plugin --enable-default-pie --with-system-zlib --with-target-system-zlib=auto --enable-objc-gc=auto --enable-multiarch --disable-werror --with-arch-32=i686 --with-abi=m64 --with-multilib-list=m32,m64,mx32 --enable-multilib --with-tune=generic --enable-offload-targets=nvptx-none=/build/gcc-9-HskZEa/gcc-9-9.3.0/debian/tmp-nvptx/usr,hsa --without-cuda-driver --enable-checking=release --build=x86_64-linux-gnu --host=x86_64-linux-gnu --target=x86_64-linux-gnu
Thread model: posix
gcc version 9.3.0 (Ubuntu 9.3.0-17ubuntu1~20.04) 
COLLECT_GCC_OPTIONS='-v' '-dM' '-E' '-mtune=generic' '-march=x86-64'
 /usr/lib/gcc/x86_64-linux-gnu/9/cc1plus -E -quiet -v -imultiarch x86_64-linux-gnu -D_GNU_SOURCE - -mtune=generic -march=x86-64 -fasynchronous-unwind-tables -fstack-protector-strong -Wformat -Wformat-security -fstack-clash-protection -fcf-protection -dM
ignoring duplicate directory "/usr/include/x86_64-linux-gnu/c++/9"
ignoring nonexistent directory "/usr/local/include/x86_64-linux-gnu"
ignoring nonexistent directory "/usr/lib/gcc/x86_64-linux-gnu/9/include-fixed"
ignoring nonexistent directory "/usr/lib/gcc/x86_64-linux-gnu/9/../../../../x86_64-linux-gnu/include"
#include "..." search starts here:
#include <...> search starts here:
 /usr/include/c++/9
 /usr/include/x86_64-linux-gnu/c++/9
 /usr/include/c++/9/backward
 /usr/lib/gcc/x86_64-linux-gnu/9/include
 /usr/local/include
 /usr/include/x86_64-linux-gnu
 /usr/include
End of search list.
COMPILER_PATH=/usr/lib/gcc/x86_64-linux-gnu/9/:/usr/lib/gcc/x86_64-linux-gnu/9/:/usr/lib/gcc/x86_64-linux-gnu/:/usr/lib/gcc/x86_64-linux-gnu/9/:/usr/lib/gcc/x86_64-linux-gnu/
LIBRARY_PATH=/usr/lib/gcc/x86_64-linux-gnu/9/:/usr/lib/gcc/x86_64-linux-gnu/9/../../../x86_64-linux-gnu/:/usr/lib/gcc/x86_64-linux-gnu/9/../../../../lib/:/lib/x86_64-linux-gnu/:/lib/../lib/:/usr/lib/x86_64-linux-gnu/:/usr/lib/../lib/:/usr/lib/gcc/x86_64-linux-gnu/9/../../../:/lib/:/usr/lib/
COLLECT_GCC_OPTIONS='-v' '-dM' '-E' '-mtune=generic' '-march=x86-64'

Sat May 01 19:28:09 2021: process created with pid: 14241
Sat May 01 19:28:09 2021: parent pid: 14239
Sat May 01 19:28:09 2021: working directory: </home/godofall/CLionProjects/Filestuff>
Sat May 01 19:28:09 2021: executable: </usr/lib/gcc/x86_64-linux-gnu/9/cc1>
Sat May 01 19:28:09 2021: argv[0]: </usr/lib/gcc/x86_64-linux-gnu/9/cc1>
Sat May 01 19:28:09 2021: argv[1]: <-quiet>
Sat May 01 19:28:09 2021: argv[2]: <-I>
Sat May 01 19:28:09 2021: argv[3]: </usr/include/openssl>
Sat May 01 19:28:09 2021: argv[4]: <-imultiarch>
Sat May 01 19:28:09 2021: argv[5]: <x86_64-linux-gnu>
Sat May 01 19:28:09 2021: argv[6]: <src/main.c>
Sat May 01 19:28:09 2021: argv[7]: <-quiet>
Sat May 01 19:28:09 2021: argv[8]: <-dumpbase>
Sat May 01 19:28:09 2021: argv[9]: <main.c>
Sat May 01 19:28:09 2021: argv[10]: <-mtune=generic>
Sat May 01 19:28:09 2021: argv[11]: <-march=x86-64>
Sat May 01 19:28:09 2021: argv[12]: <-auxbase>
Sat May 01 19:28:09 2021: argv[13]: <main>
Sat May 01 19:28:09 2021: argv[14]: <-Werror>
Sat May 01 19:28:09 2021: argv[15]: <-Wpedantic>
Sat May 01 19:28:09 2021: argv[16]: <-Wall>
Sat May 01 19:28:09 2021: argv[17]: <-fasynchronous-unwind-tables>
Sat May 01 19:28:09 2021: argv[18]: <-fstack-protector-strong>
Sat May 01 19:28:09 2021: argv[19]: <-Wformat-security>
Sat May 01 19:28:09 2021: argv[20]: <-fstack-clash-protection>
Sat May 01 19:28:09 2021: argv[21]: <-fcf-protection>
Sat May 01 19:28:09 2021: argv[22]: <-o>
Sat May 01 19:28:09 2021: argv[23]: </tmp/ccN2tOYU.s>
Sat May 01 19:28:09 2021: skipping process with pid: 14241
Sat May 01 19:28:09 2021: process created with pid: 14245
Sat May 01 19:28:09 2021: parent pid: 14239
Sat May 01 19:28:09 2021: working directory: </home/godofall/CLionProjects/Filestuff>
Sat May 01 19:28:09 2021: executable: </usr/bin/x86_64-linux-gnu-as>
Sat May 01 19:28:09 2021: argv[0]: <as>
Sat May 01 19:28:09 2021: argv[1]: <-I>
Sat May 01 19:28:09 2021: argv[2]: </usr/include/openssl>
Sat May 01 19:28:09 2021: argv[3]: <--64>
Sat May 01 19:28:09 2021: argv[4]: <-o>
Sat May 01 19:28:09 2021: argv[5]: </tmp/ccqtCSdU.o>
Sat May 01 19:28:09 2021: argv[6]: </tmp/ccN2tOYU.s>
Sat May 01 19:28:09 2021: skipping process with pid: 14245
Sat May 01 19:28:09 2021: process created with pid: 14246
Sat May 01 19:28:09 2021: parent pid: 14239
Sat May 01 19:28:09 2021: working directory: </home/godofall/CLionProjects/Filestuff>
Sat May 01 19:28:09 2021: executable: </usr/lib/gcc/x86_64-linux-gnu/9/cc1>
Sat May 01 19:28:09 2021: argv[0]: </usr/lib/gcc/x86_64-linux-gnu/9/cc1>
Sat May 01 19:28:09 2021: argv[1]: <-quiet>
Sat May 01 19:28:09 2021: argv[2]: <-I>
Sat May 01 19:28:09 2021: argv[3]: </usr/include/openssl>
Sat May 01 19:28:09 2021: argv[4]: <-imultiarch>
Sat May 01 19:28:09 2021: argv[5]: <x86_64-linux-gnu>
Sat May 01 19:28:09 2021: argv[6]: <src/include/cutnwrite.c>
Sat May 01 19:28:09 2021: argv[7]: <-quiet>
Sat May 01 19:28:09 2021: argv[8]: <-dumpbase>
Sat May 01 19:28:09 2021: argv[9]: <cutnwrite.c>
Sat May 01 19:28:09 2021: argv[10]: <-mtune=generic>
Sat May 01 19:28:09 2021: argv[11]: <-march=x86-64>
Sat May 01 19:28:09 2021: argv[12]: <-auxbase>
Sat May 01 19:28:09 2021: argv[13]: <cutnwrite>
Sat May 01 19:28:09 2021: argv[14]: <-Werror>
Sat May 01 19:28:09 2021: argv[15]: <-Wpedantic>
Sat May 01 19:28:09 2021: argv[16]: <-Wall>
Sat May 01 19:28:09 2021: argv[17]: <-fasynchronous-unwind-tables>
Sat May 01 19:28:09 2021: argv[18]: <-fstack-protector-strong>
Sat May 01 19:28:09 2021: argv[19]: <-Wformat-security>
Sat May 01 19:28:09 2021: argv[20]: <-fstack-clash-protection>
Sat May 01 19:28:09 2021: argv[21]: <-fcf-protection>
Sat May 01 19:28:09 2021: argv[22]: <-o>
Sat May 01 19:28:09 2021: argv[23]: </tmp/ccN2tOYU.s>
Sat May 01 19:28:09 2021: skipping process with pid: 14246
Sat May 01 19:28:09 2021: process created with pid: 14247
Sat May 01 19:28:09 2021: parent pid: 14239
Sat May 01 19:28:09 2021: working directory: </home/godofall/CLionProjects/Filestuff>
Sat May 01 19:28:09 2021: executable: </usr/bin/x86_64-linux-gnu-as>
Sat May 01 19:28:09 2021: argv[0]: <as>
Sat May 01 19:28:09 2021: argv[1]: <-I>
Sat May 01 19:28:09 2021: argv[2]: </usr/include/openssl>
Sat May 01 19:28:09 2021: argv[3]: <--64>
Sat May 01 19:28:09 2021: argv[4]: <-o>
Sat May 01 19:28:09 2021: argv[5]: </tmp/cck7I9zR.o>
Sat May 01 19:28:09 2021: argv[6]: </tmp/ccN2tOYU.s>
Sat May 01 19:28:09 2021: skipping process with pid: 14247
Sat May 01 19:28:09 2021: process created with pid: 14248
Sat May 01 19:28:09 2021: parent pid: 14239
Sat May 01 19:28:09 2021: working directory: </home/godofall/CLionProjects/Filestuff>
Sat May 01 19:28:09 2021: executable: </usr/lib/gcc/x86_64-linux-gnu/9/cc1>
Sat May 01 19:28:09 2021: argv[0]: </usr/lib/gcc/x86_64-linux-gnu/9/cc1>
Sat May 01 19:28:09 2021: argv[1]: <-quiet>
Sat May 01 19:28:09 2021: argv[2]: <-I>
Sat May 01 19:28:09 2021: argv[3]: </usr/include/openssl>
Sat May 01 19:28:09 2021: argv[4]: <-imultiarch>
Sat May 01 19:28:09 2021: argv[5]: <x86_64-linux-gnu>
Sat May 01 19:28:09 2021: argv[6]: <src/include/metafile.c>
Sat May 01 19:28:09 2021: argv[7]: <-quiet>
Sat May 01 19:28:09 2021: argv[8]: <-dumpbase>
Sat May 01 19:28:09 2021: argv[9]: <metafile.c>
Sat May 01 19:28:09 2021: argv[10]: <-mtune=generic>
Sat May 01 19:28:09 2021: argv[11]: <-march=x86-64>
Sat May 01 19:28:09 2021: argv[12]: <-auxbase>
Sat May 01 19:28:09 2021: argv[13]: <metafile>
Sat May 01 19:28:09 2021: argv[14]: <-Werror>
Sat May 01 19:28:09 2021: argv[15]: <-Wpedantic>
Sat May 01 19:28:09 2021: argv[16]: <-Wall>
Sat May 01 19:28:09 2021: argv[17]: <-fasynchronous-unwind-tables>
Sat May 01 19:28:09 2021: argv[18]: <-fstack-protector-strong>
Sat May 01 19:28:09 2021: argv[19]: <-Wformat-security>
Sat May 01 19:28:09 2021: argv[20]: <-fstack-clash-protection>
Sat May 01 19:28:09 2021: argv[21]: <-fcf-protection>
Sat May 01 19:28:09 2021: argv[22]: <-o>
Sat May 01 19:28:09 2021: argv[23]: </tmp/ccN2tOYU.s>
Sat May 01 19:28:09 2021: skipping process with pid: 14248
Sat May 01 19:28:09 2021: process created with pid: 14249
Sat May 01 19:28:09 2021: parent pid: 14239
Sat May 01 19:28:09 2021: working directory: </home/godofall/CLionProjects/Filestuff>
Sat May 01 19:28:09 2021: executable: </usr/bin/x86_64-linux-gnu-as>
Sat May 01 19:28:09 2021: argv[0]: <as>
Sat May 01 19:28:09 2021: argv[1]: <-I>
Sat May 01 19:28:09 2021: argv[2]: </usr/include/openssl>
Sat May 01 19:28:09 2021: argv[3]: <--64>
Sat May 01 19:28:09 2021: argv[4]: <-o>
Sat May 01 19:28:09 2021: argv[5]: </tmp/ccNxzpqS.o>
Sat May 01 19:28:09 2021: argv[6]: </tmp/ccN2tOYU.s>
Sat May 01 19:28:09 2021: skipping process with pid: 14249
Sat May 01 19:28:09 2021: process created with pid: 14250
Sat May 01 19:28:09 2021: parent pid: 14239
Sat May 01 19:28:09 2021: working directory: </home/godofall/CLionProjects/Filestuff>
Sat May 01 19:28:09 2021: executable: </usr/lib/gcc/x86_64-linux-gnu/9/cc1>
Sat May 01 19:28:09 2021: argv[0]: </usr/lib/gcc/x86_64-linux-gnu/9/cc1>
Sat May 01 19:28:09 2021: argv[1]: <-quiet>
Sat May 01 19:28:09 2021: argv[2]: <-I>
Sat May 01 19:28:09 2021: argv[3]: </usr/include/openssl>
Sat May 01 19:28:09 2021: argv[4]: <-imultiarch>
Sat May 01 19:28:09 2021: argv[5]: <x86_64-linux-gnu>
Sat May 01 19:28:09 2021: argv[6]: <src/include/metafile.h>
Sat May 01 19:28:09 2021: argv[7]: <-quiet>
Sat May 01 19:28:09 2021: argv[8]: <-dumpbase>
Sat May 01 19:28:09 2021: argv[9]: <metafile.h>
Sat May 01 19:28:09 2021: argv[10]: <-mtune=generic>
Sat May 01 19:28:09 2021: argv[11]: <-march=x86-64>
Sat May 01 19:28:09 2021: argv[12]: <-auxbase>
Sat May 01 19:28:09 2021: argv[13]: <metafile>
Sat May 01 19:28:09 2021: argv[14]: <-Werror>
Sat May 01 19:28:09 2021: argv[15]: <-Wpedantic>
Sat May 01 19:28:09 2021: argv[16]: <-Wall>
Sat May 01 19:28:09 2021: argv[17]: <-fasynchronous-unwind-tables>
Sat May 01 19:28:09 2021: argv[18]: <-fstack-protector-strong>
Sat May 01 19:28:09 2021: argv[19]: <-Wformat-security>
Sat May 01 19:28:09 2021: argv[20]: <-fstack-clash-protection>
Sat May 01 19:28:09 2021: argv[21]: <-fcf-protection>
Sat May 01 19:28:09 2021: argv[22]: <-o>
Sat May 01 19:28:09 2021: argv[23]: </tmp/ccN2tOYU.s>
Sat May 01 19:28:09 2021: argv[24]: <--output-pch=>
Sat May 01 19:28:09 2021: argv[25]: <Filestuff>
Sat May 01 19:28:09 2021: skipping process with pid: 14250
Sat May 01 19:28:09 2021: process created with pid: 14255
Sat May 01 19:28:09 2021: parent pid: 14239
Sat May 01 19:28:09 2021: working directory: </home/godofall/CLionProjects/Filestuff>
Sat May 01 19:28:09 2021: executable: </usr/lib/gcc/x86_64-linux-gnu/9/cc1>
Sat May 01 19:28:09 2021: argv[0]: </usr/lib/gcc/x86_64-linux-gnu/9/cc1>
Sat May 01 19:28:09 2021: argv[1]: <-quiet>
Sat May 01 19:28:09 2021: argv[2]: <-I>
Sat May 01 19:28:09 2021: argv[3]: </usr/include/openssl>
Sat May 01 19:28:09 2021: argv[4]: <-imultiarch>
Sat May 01 19:28:09 2021: argv[5]: <x86_64-linux-gnu>
Sat May 01 19:28:09 2021: argv[6]: <src/include/mergefiles.c>
Sat May 01 19:28:09 2021: argv[7]: <-quiet>
Sat May 01 19:28:09 2021: argv[8]: <-dumpbase>
Sat May 01 19:28:09 2021: argv[9]: <mergefiles.c>
Sat May 01 19:28:09 2021: argv[10]: <-mtune=generic>
Sat May 01 19:28:09 2021: argv[11]: <-march=x86-64>
Sat May 01 19:28:09 2021: argv[12]: <-auxbase>
Sat May 01 19:28:09 2021: argv[13]: <mergefiles>
Sat May 01 19:28:09 2021: argv[14]: <-Werror>
Sat May 01 19:28:09 2021: argv[15]: <-Wpedantic>
Sat May 01 19:28:09 2021: argv[16]: <-Wall>
Sat May 01 19:28:09 2021: argv[17]: <-fasynchronous-unwind-tables>
Sat May 01 19:28:09 2021: argv[18]: <-fstack-protector-strong>
Sat May 01 19:28:09 2021: argv[19]: <-Wformat-security>
Sat May 01 19:28:09 2021: argv[20]: <-fstack-clash-protection>
Sat May 01 19:28:09 2021: argv[21]: <-fcf-protection>
Sat May 01 19:28:09 2021: argv[22]: <-o>
Sat May 01 19:28:09 2021: argv[23]: </tmp/ccN2tOYU.s>
Sat May 01 19:28:09 2021: skipping process with pid: 14255
Sat May 01 19:28:09 2021: process created with pid: 14256
Sat May 01 19:28:09 2021: parent pid: 14239
Sat May 01 19:28:09 2021: working directory: </home/godofall/CLionProjects/Filestuff>
Sat May 01 19:28:09 2021: executable: </usr/bin/x86_64-linux-gnu-as>
Sat May 01 19:28:09 2021: argv[0]: <as>
Sat May 01 19:28:09 2021: argv[1]: <-I>
Sat May 01 19:28:09 2021: argv[2]: </usr/include/openssl>
Sat May 01 19:28:09 2021: argv[3]: <--64>
Sat May 01 19:28:09 2021: argv[4]: <-o>
Sat May 01 19:28:09 2021: argv[5]: </tmp/cc6FczwS.o>
Sat May 01 19:28:09 2021: argv[6]: </tmp/ccN2tOYU.s>
Sat May 01 19:28:09 2021: skipping process with pid: 14256
Sat May 01 19:28:09 2021: process created with pid: 14257
Sat May 01 19:28:09 2021: parent pid: 14239
Sat May 01 19:28:09 2021: working directory: </home/godofall/CLionProjects/Filestuff>
Sat May 01 19:28:09 2021: executable: </usr/lib/gcc/x86_64-linux-gnu/9/cc1>
Sat May 01 19:28:09 2021: argv[0]: </usr/lib/gcc/x86_64-linux-gnu/9/cc1>
Sat May 01 19:28:09 2021: argv[1]: <-quiet>
Sat May 01 19:28:09 2021: argv[2]: <-I>
Sat May 01 19:28:09 2021: argv[3]: </usr/include/openssl>
Sat May 01 19:28:09 2021: argv[4]: <-imultiarch>
Sat May 01 19:28:09 2021: argv[5]: <x86_64-linux-gnu>
Sat May 01 19:28:09 2021: argv[6]: <src/include/mergefiles.h>
Sat May 01 19:28:09 2021: argv[7]: <-quiet>
Sat May 01 19:28:09 2021: argv[8]: <-dumpbase>
Sat May 01 19:28:09 2021: argv[9]: <mergefiles.h>
Sat May 01 19:28:09 2021: argv[10]: <-mtune=generic>
Sat May 01 19:28:09 2021: argv[11]: <-march=x86-64>
Sat May 01 19:28:09 2021: argv[12]: <-auxbase>
Sat May 01 19:28:09 2021: argv[13]: <mergefiles>
Sat May 01 19:28:09 2021: argv[14]: <-Werror>
Sat May 01 19:28:09 2021: argv[15]: <-Wpedantic>
Sat May 01 19:28:09 2021: argv[16]: <-Wall>
Sat May 01 19:28:09 2021: argv[17]: <-fasynchronous-unwind-tables>
Sat May 01 19:28:09 2021: argv[18]: <-fstack-protector-strong>
Sat May 01 19:28:09 2021: argv[19]: <-Wformat-security>
Sat May 01 19:28:09 2021: argv[20]: <-fstack-clash-protection>
Sat May 01 19:28:09 2021: argv[21]: <-fcf-protection>
Sat May 01 19:28:09 2021: argv[22]: <-o>
Sat May 01 19:28:09 2021: argv[23]: </tmp/ccN2tOYU.s>
Sat May 01 19:28:09 2021: argv[24]: <--output-pch=>
Sat May 01 19:28:09 2021: argv[25]: <Filestuff>
Sat May 01 19:28:09 2021: skipping process with pid: 14257
Sat May 01 19:28:09 2021: process created with pid: 14258
Sat May 01 19:28:09 2021: parent pid: 14239
Sat May 01 19:28:09 2021: working directory: </home/godofall/CLionProjects/Filestuff>
Sat May 01 19:28:09 2021: executable: </usr/lib/gcc/x86_64-linux-gnu/9/cc1>
Sat May 01 19:28:09 2021: argv[0]: </usr/lib/gcc/x86_64-linux-gnu/9/cc1>
Sat May 01 19:28:09 2021: argv[1]: <-quiet>
Sat May 01 19:28:09 2021: argv[2]: <-I>
Sat May 01 19:28:09 2021: argv[3]: </usr/include/openssl>
Sat May 01 19:28:09 2021: argv[4]: <-imultiarch>
Sat May 01 19:28:09 2021: argv[5]: <x86_64-linux-gnu>
Sat May 01 19:28:09 2021: argv[6]: <src/include/cutnwrite.h>
Sat May 01 19:28:09 2021: argv[7]: <-quiet>
Sat May 01 19:28:09 2021: argv[8]: <-dumpbase>
Sat May 01 19:28:09 2021: argv[9]: <cutnwrite.h>
Sat May 01 19:28:09 2021: argv[10]: <-mtune=generic>
Sat May 01 19:28:09 2021: argv[11]: <-march=x86-64>
Sat May 01 19:28:09 2021: argv[12]: <-auxbase>
Sat May 01 19:28:09 2021: argv[13]: <cutnwrite>
Sat May 01 19:28:09 2021: argv[14]: <-Werror>
Sat May 01 19:28:09 2021: argv[15]: <-Wpedantic>
Sat May 01 19:28:09 2021: argv[16]: <-Wall>
Sat May 01 19:28:09 2021: argv[17]: <-fasynchronous-unwind-tables>
Sat May 01 19:28:09 2021: argv[18]: <-fstack-protector-strong>
Sat May 01 19:28:09 2021: argv[19]: <-Wformat-security>
Sat May 01 19:28:09 2021: argv[20]: <-fstack-clash-protection>
Sat May 01 19:28:09 2021: argv[21]: <-fcf-protection>
Sat May 01 19:28:09 2021: argv[22]: <-o>
Sat May 01 19:28:09 2021: argv[23]: </tmp/ccN2tOYU.s>
Sat May 01 19:28:09 2021: argv[24]: <--output-pch=>
Sat May 01 19:28:09 2021: argv[25]: <Filestuff>
Sat May 01 19:28:09 2021: skipping process with pid: 14258
Sat May 01 19:28:09 2021: process created with pid: 14259
Sat May 01 19:28:09 2021: parent pid: 14239
Sat May 01 19:28:09 2021: working directory: </home/godofall/CLionProjects/Filestuff>
Sat May 01 19:28:09 2021: executable: </usr/lib/gcc/x86_64-linux-gnu/9/collect2>
Sat May 01 19:28:09 2021: argv[0]: </usr/lib/gcc/x86_64-linux-gnu/9/collect2>
Sat May 01 19:28:09 2021: argv[1]: <-plugin>
Sat May 01 19:28:09 2021: argv[2]: </usr/lib/gcc/x86_64-linux-gnu/9/liblto_plugin.so>
Sat May 01 19:28:09 2021: argv[3]: <-plugin-opt=/usr/lib/gcc/x86_64-linux-gnu/9/lto-wrapper>
Sat May 01 19:28:09 2021: argv[4]: <-plugin-opt=-fresolution=/tmp/ccgdvvzT.res>
Sat May 01 19:28:09 2021: argv[5]: <-plugin-opt=-pass-through=-lgcc>
Sat May 01 19:28:09 2021: argv[6]: <-plugin-opt=-pass-through=-lgcc_s>
Sat May 01 19:28:09 2021: argv[7]: <-plugin-opt=-pass-through=-lc>
Sat May 01 19:28:09 2021: argv[8]: <-plugin-opt=-pass-through=-lgcc>
Sat May 01 19:28:09 2021: argv[9]: <-plugin-opt=-pass-through=-lgcc_s>
Sat May 01 19:28:09 2021: argv[10]: <--build-id>
Sat May 01 19:28:09 2021: argv[11]: <--eh-frame-hdr>
Sat May 01 19:28:09 2021: argv[12]: <-m>
Sat May 01 19:28:09 2021: argv[13]: <elf_x86_64>
Sat May 01 19:28:09 2021: argv[14]: <--hash-style=gnu>
Sat May 01 19:28:09 2021: argv[15]: <--as-needed>
Sat May 01 19:28:09 2021: argv[16]: <-dynamic-linker>
Sat May 01 19:28:09 2021: argv[17]: </lib64/ld-linux-x86-64.so.2>
Sat May 01 19:28:09 2021: argv[18]: <-pie>
Sat May 01 19:28:09 2021: argv[19]: <-z>
Sat May 01 19:28:09 2021: argv[20]: <now>
Sat May 01 19:28:09 2021: argv[21]: <-z>
Sat May 01 19:28:09 2021: argv[22]: <relro>
Sat May 01 19:28:09 2021: argv[23]: <-o>
Sat May 01 19:28:09 2021: argv[24]: <Filestuff>
Sat May 01 19:28:09 2021: argv[25]: </usr/lib/gcc/x86_64-linux-gnu/9/../../../x86_64-linux-gnu/Scrt1.o>
Sat May 01 19:28:09 2021: argv[26]: </usr/lib/gcc/x86_64-linux-gnu/9/../../../x86_64-linux-gnu/crti.o>
Sat May 01 19:28:09 2021: argv[27]: </usr/lib/gcc/x86_64-linux-gnu/9/crtbeginS.o>
Sat May 01 19:28:09 2021: argv[28]: <-L/usr/lib/gcc/x86_64-linux-gnu/9>
Sat May 01 19:28:09 2021: argv[29]: <-L/usr/lib/gcc/x86_64-linux-gnu/9/../../../x86_64-linux-gnu>
Sat May 01 19:28:09 2021: argv[30]: <-L/usr/lib/gcc/x86_64-linux-gnu/9/../../../../lib>
Sat May 01 19:28:09 2021: argv[31]: <-L/lib/x86_64-linux-gnu>
Sat May 01 19:28:09 2021: argv[32]: <-L/lib/../lib>
Sat May 01 19:28:09 2021: argv[33]: <-L/usr/lib/x86_64-linux-gnu>
Sat May 01 19:28:09 2021: argv[34]: <-L/usr/lib/../lib>
Sat May 01 19:28:09 2021: argv[35]: <-L/usr/lib/gcc/x86_64-linux-gnu/9/../../..>
Sat May 01 19:28:09 2021: argv[36]: </tmp/ccqtCSdU.o>
Sat May 01 19:28:09 2021: argv[37]: </tmp/cck7I9zR.o>
Sat May 01 19:28:09 2021: argv[38]: </tmp/ccNxzpqS.o>
Sat May 01 19:28:09 2021: argv[39]: </tmp/cc6FczwS.o>
Sat May 01 19:28:09 2021: argv[40]: <-lssl>
Sat May 01 19:28:09 2021: argv[41]: <-lcrypto>
Sat May 01 19:28:09 2021: argv[42]: <-lgcc>
Sat May 01 19:28:09 2021: argv[43]: <--push-state>
Sat May 01 19:28:09 2021: argv[44]: <--as-needed>
Sat May 01 19:28:09 2021: argv[45]: <-lgcc_s>
Sat May 01 19:28:09 2021: argv[46]: <--pop-state>
Sat May 01 19:28:09 2021: argv[47]: <-lc>
Sat May 01 19:28:09 2021: argv[48]: <-lgcc>
Sat May 01 19:28:09 2021: argv[49]: <--push-state>
Sat May 01 19:28:09 2021: argv[50]: <--as-needed>
Sat May 01 19:28:09 2021: argv[51]: <-lgcc_s>
Sat May 01 19:28:09 2021: argv[52]: <--pop-state>
Sat May 01 19:28:09 2021: argv[53]: </usr/lib/gcc/x86_64-linux-gnu/9/crtendS.o>
Sat May 01 19:28:09 2021: argv[54]: </usr/lib/gcc/x86_64-linux-gnu/9/../../../x86_64-linux-gnu/crtn.o>
Sat May 01 19:28:09 2021: skipping process with pid: 14259
Sat May 01 19:28:09 2021: process created with pid: 14260
Sat May 01 19:28:09 2021: parent pid: 14259
Sat May 01 19:28:09 2021: working directory: </home/godofall/CLionProjects/Filestuff>
Sat May 01 19:28:09 2021: executable: </usr/bin/x86_64-linux-gnu-ld.bfd>
Sat May 01 19:28:09 2021: argv[0]: </usr/bin/ld>
Sat May 01 19:28:09 2021: argv[1]: <-plugin>
Sat May 01 19:28:09 2021: argv[2]: </usr/lib/gcc/x86_64-linux-gnu/9/liblto_plugin.so>
Sat May 01 19:28:09 2021: argv[3]: <-plugin-opt=/usr/lib/gcc/x86_64-linux-gnu/9/lto-wrapper>
Sat May 01 19:28:09 2021: argv[4]: <-plugin-opt=-fresolution=/tmp/ccgdvvzT.res>
Sat May 01 19:28:09 2021: argv[5]: <-plugin-opt=-pass-through=-lgcc>
Sat May 01 19:28:09 2021: argv[6]: <-plugin-opt=-pass-through=-lgcc_s>
Sat May 01 19:28:09 2021: argv[7]: <-plugin-opt=-pass-through=-lc>
Sat May 01 19:28:09 2021: argv[8]: <-plugin-opt=-pass-through=-lgcc>
Sat May 01 19:28:09 2021: argv[9]: <-plugin-opt=-pass-through=-lgcc_s>
Sat May 01 19:28:09 2021: argv[10]: <--build-id>
Sat May 01 19:28:09 2021: argv[11]: <--eh-frame-hdr>
Sat May 01 19:28:09 2021: argv[12]: <-m>
Sat May 01 19:28:09 2021: argv[13]: <elf_x86_64>
Sat May 01 19:28:09 2021: argv[14]: <--hash-style=gnu>
Sat May 01 19:28:09 2021: argv[15]: <--as-needed>
Sat May 01 19:28:09 2021: argv[16]: <-dynamic-linker>
Sat May 01 19:28:09 2021: argv[17]: </lib64/ld-linux-x86-64.so.2>
Sat May 01 19:28:09 2021: argv[18]: <-pie>
Sat May 01 19:28:09 2021: argv[19]: <-z>
Sat May 01 19:28:09 2021: argv[20]: <now>
Sat May 01 19:28:09 2021: argv[21]: <-z>
Sat May 01 19:28:09 2021: argv[22]: <relro>
Sat May 01 19:28:09 2021: argv[23]: <-o>
Sat May 01 19:28:09 2021: argv[24]: <Filestuff>
Sat May 01 19:28:09 2021: argv[25]: </usr/lib/gcc/x86_64-linux-gnu/9/../../../x86_64-linux-gnu/Scrt1.o>
Sat May 01 19:28:09 2021: argv[26]: </usr/lib/gcc/x86_64-linux-gnu/9/../../../x86_64-linux-gnu/crti.o>
Sat May 01 19:28:09 2021: argv[27]: </usr/lib/gcc/x86_64-linux-gnu/9/crtbeginS.o>
Sat May 01 19:28:09 2021: argv[28]: <-L/usr/lib/gcc/x86_64-linux-gnu/9>
Sat May 01 19:28:09 2021: argv[29]: <-L/usr/lib/gcc/x86_64-linux-gnu/9/../../../x86_64-linux-gnu>
Sat May 01 19:28:09 2021: argv[30]: <-L/usr/lib/gcc/x86_64-linux-gnu/9/../../../../lib>
Sat May 01 19:28:09 2021: argv[31]: <-L/lib/x86_64-linux-gnu>
Sat May 01 19:28:09 2021: argv[32]: <-L/lib/../lib>
Sat May 01 19:28:09 2021: argv[33]: <-L/usr/lib/x86_64-linux-gnu>
Sat May 01 19:28:09 2021: argv[34]: <-L/usr/lib/../lib>
Sat May 01 19:28:09 2021: argv[35]: <-L/usr/lib/gcc/x86_64-linux-gnu/9/../../..>
Sat May 01 19:28:09 2021: argv[36]: </tmp/ccqtCSdU.o>
Sat May 01 19:28:09 2021: argv[37]: </tmp/cck7I9zR.o>
Sat May 01 19:28:09 2021: argv[38]: </tmp/ccNxzpqS.o>
Sat May 01 19:28:09 2021: argv[39]: </tmp/cc6FczwS.o>
Sat May 01 19:28:09 2021: argv[40]: <-lssl>
Sat May 01 19:28:09 2021: argv[41]: <-lcrypto>
Sat May 01 19:28:09 2021: argv[42]: <-lgcc>
Sat May 01 19:28:09 2021: argv[43]: <--push-state>
Sat May 01 19:28:09 2021: argv[44]: <--as-needed>
Sat May 01 19:28:09 2021: argv[45]: <-lgcc_s>
Sat May 01 19:28:09 2021: argv[46]: <--pop-state>
Sat May 01 19:28:09 2021: argv[47]: <-lc>
Sat May 01 19:28:09 2021: argv[48]: <-lgcc>
Sat May 01 19:28:09 2021: argv[49]: <--push-state>
Sat May 01 19:28:09 2021: argv[50]: <--as-needed>
Sat May 01 19:28:09 2021: argv[51]: <-lgcc_s>
Sat May 01 19:28:09 2021: argv[52]: <--pop-state>
Sat May 01 19:28:09 2021: argv[53]: </usr/lib/gcc/x86_64-linux-gnu/9/crtendS.o>
Sat May 01 19:28:09 2021: argv[54]: </usr/lib/gcc/x86_64-linux-gnu/9/../../../x86_64-linux-gnu/crtn.o>
Sat May 01 19:28:09 2021: skipping process with pid: 14260
Sat May 01 19:28:09 2021: process created with pid: 14261
Sat May 01 19:28:09 2021: parent pid: 14234
Sat May 01 19:28:09 2021: working directory: </home/godofall/CLionProjects/Filestuff>
Sat May 01 19:28:09 2021: executable: </home/godofall/CLionProjects/Filestuff/Filestuff>
Sat May 01 19:28:09 2021: argv[0]: <./Filestuff>
Sat May 01 19:28:09 2021: skipping process with pid: 14261
Sat May 01 19:28:09 2021: process created with pid: 14262
Sat May 01 19:28:09 2021: parent pid: 14234
Sat May 01 19:28:09 2021: working directory: </home/godofall/CLionProjects/Filestuff>
Sat May 01 19:28:09 2021: executable: </usr/bin/dash>
Sat May 01 19:28:09 2021: argv[0]: </bin/sh>
Sat May 01 19:28:09 2021: argv[1]: <-c>
Sat May 01 19:28:09 2021: argv[2]: <ls -1v cuts/ | sed 's@^@cuts/@'>
Sat May 01 19:28:09 2021: skipping process with pid: 14262
Sat May 01 19:28:09 2021: process created with pid: 14263
Sat May 01 19:28:09 2021: parent pid: 14262
Sat May 01 19:28:09 2021: working directory: </home/godofall/CLionProjects/Filestuff>
Sat May 01 19:28:09 2021: executable: </usr/bin/ls>
Sat May 01 19:28:09 2021: argv[0]: <ls>
Sat May 01 19:28:09 2021: argv[1]: <-1v>
Sat May 01 19:28:09 2021: argv[2]: <cuts/>
Sat May 01 19:28:09 2021: skipping process with pid: 14263
Sat May 01 19:28:09 2021: process created with pid: 14264
Sat May 01 19:28:09 2021: parent pid: 14262
Sat May 01 19:28:09 2021: working directory: </home/godofall/CLionProjects/Filestuff>
Sat May 01 19:28:09 2021: executable: </usr/bin/sed>
Sat May 01 19:28:09 2021: argv[0]: <sed>
Sat May 01 19:28:09 2021: argv[1]: <s@^@cuts/@>
Sat May 01 19:28:09 2021: skipping process with pid: 14264
Sat May 01 19:28:09 2021: process created with pid: 14265
Sat May 01 19:28:09 2021: parent pid: 14234
Sat May 01 19:28:09 2021: working directory: </home/godofall/CLionProjects/Filestuff>
Sat May 01 19:28:09 2021: executable: </usr/bin/dash>
Sat May 01 19:28:09 2021: argv[0]: </bin/sh>
Sat May 01 19:28:09 2021: argv[1]: <-c>
Sat May 01 19:28:09 2021: argv[2]: <cat cuts/new.jpg.cut-0.rtf cuts/new.jpg.cut-1.rtf cuts/new.jpg.cut-2.rtf cuts/new.jpg.cut-3.rtf cuts/new.jpg.cut-4.rtf cuts/new.jpg.cut-5.rtf cuts/new.jpg.cut-6.rtf cuts/new.jpg.cut-7.rtf cuts/new.jpg.cut-8.rtf cuts/new.jpg.cut-9.rtf cuts/new.jpg.cut-10.rtf > foto.jpg>
Sat May 01 19:28:09 2021: skipping process with pid: 14265
Sat May 01 19:28:09 2021: process created with pid: 14266
Sat May 01 19:28:09 2021: parent pid: 14265
Sat May 01 19:28:09 2021: working directory: </home/godofall/CLionProjects/Filestuff>
Sat May 01 19:28:09 2021: executable: </usr/bin/cat>
Sat May 01 19:28:09 2021: argv[0]: <cat>
Sat May 01 19:28:09 2021: argv[1]: <cuts/new.jpg.cut-0.rtf>
Sat May 01 19:28:09 2021: argv[2]: <cuts/new.jpg.cut-1.rtf>
Sat May 01 19:28:09 2021: argv[3]: <cuts/new.jpg.cut-2.rtf>
Sat May 01 19:28:09 2021: argv[4]: <cuts/new.jpg.cut-3.rtf>
Sat May 01 19:28:09 2021: argv[5]: <cuts/new.jpg.cut-4.rtf>
Sat May 01 19:28:09 2021: argv[6]: <cuts/new.jpg.cut-5.rtf>
Sat May 01 19:28:09 2021: argv[7]: <cuts/new.jpg.cut-6.rtf>
Sat May 01 19:28:09 2021: argv[8]: <cuts/new.jpg.cut-7.rtf>
Sat May 01 19:28:09 2021: argv[9]: <cuts/new.jpg.cut-8.rtf>
Sat May 01 19:28:09 2021: argv[10]: <cuts/new.jpg.cut-9.rtf>
Sat May 01 19:28:09 2021: argv[11]: <cuts/new.jpg.cut-10.rtf>
Sat May 01 19:28:09 2021: skipping process with pid: 14266
Sat May 01 19:28:09 2021: process created with pid: 14267
Sat May 01 19:28:09 2021: parent pid: 14234
Sat May 01 19:28:09 2021: working directory: </home/godofall/CLionProjects/Filestuff>
Sat May 01 19:28:09 2021: executable: </usr/bin/cmp>
Sat May 01 19:28:09 2021: argv[0]: <cmp>
Sat May 01 19:28:09 2021: argv[1]: <foto.jpg>
Sat May 01 19:28:09 2021: argv[2]: <new.jpg>
Sat May 01 19:28:09 2021: skipping process with pid: 14267
Sat May 01 19:28:09 2021: process created with pid: 14268
Sat May 01 19:28:09 2021: parent pid: 14234
Sat May 01 19:28:09 2021: working directory: </home/godofall/CLionProjects/Filestuff>
Sat May 01 19:28:09 2021: executable: </usr/bin/cmp>
Sat May 01 19:28:09 2021: argv[0]: <cmp>
Sat May 01 19:28:09 2021: argv[1]: <new.jpg>
Sat May 01 19:28:09 2021: argv[2]: <merge.jpg>
Sat May 01 19:28:09 2021: skipping process with pid: 14268
Sat May 01 19:28:09 2021: finalizing json file
Sat May 01 19:28:09 2021: returned with code: 0
